23:33:27: log started
23:33:29: Parsed Pages Tab
23:33:30: Parsed Filter Tab
23:33:36: Scraping Every Record - b'https://www.facebook.com/hans.c.schmidt.58/'
23:35:01: PostURL https://www.facebook.com/hans.c.schmidt.58/posts/1070967986427922
23:35:01: Post Date b'5/24/19, 11:10 AM'
23:35:01: Post Content: b'S\xc3\xa5 er holdet klar i valgbussen\xf0\x9f\x9a\x8c\nI dag g\xc3\xa5r turen til Padborg hvor jeg skal \xc3\xa5bne transportmessen. Herefter k\xc3\xb8rer vi til Aabenraa hvor vi vil v\xc3\xa6re at finde p\xc3\xa5 Dyreskuepladsen fra 12-15 og i g\xc3\xa5gaden fra 15.30-17. Jeg h\xc3\xa5ber vi ses \xe2\x98\xba\xef\xb8\x8f'
23:35:02: Scraping Every Record - b'https://www.facebook.com/damsboandersen'
23:35:06: Not Posts page
23:36:00: PostURL https://www.facebook.com/damsboandersen/posts/10218298235673303
23:36:00: Post Date b'1/14/19, 9:03 PM'
23:36:00: Post Content: b'S\xc3\xa5 er valgkampen i gang\nI dag har jeg v\xc3\xa6ret til et meget velbes\xc3\xb8gt debatm\xc3\xb8de p\xc3\xa5 Katedralskolen i Nyk\xc3\xb8bing F\nDe unge er meget optagede af klima, milj\xc3\xb8 og uddannelse og stillede meget kvalificerede sp\xc3\xb8rgsm\xc3\xa5l'
23:36:00: Scraping Every Record - b'https://www.facebook.com/Xorlahav'
23:36:04: Not Posts page
23:36:27: PostURL https://www.facebook.com/Xorlahav/posts/2658538344212241
23:36:27: Post Date b'5/29/19, 10:13 PM'
23:36:27: Post Content: b'Dejligt at mit parti er enig med mig om klimaindsats. Se bare her ovenp\xc3\xa5 vores plantning af klimaskov!'
23:36:27: Scraping Every Record - b'https://www.facebook.com/RVolldag/'
23:36:34: PostURL https://www.facebook.com/RVolldag/posts/1356587904524257
23:36:34: Post Date b'12/17/19, 3:30 PM'
23:36:34: Post Content: b'CHOKERENDE!\nNej, vi har IKKE 108.000 hektar lavbundsjorde i Danmark, vi har i stedet 171.000 hektar. Det er langt mere #CO2 udledning end vi tidligere har regnet med. N\xc3\xa6rmere bestemt 1,6 millioner ton, som svarer til 3,2 procent af det samlede udledning i #Danmark!\nNu haster det endnu mere, at f\xc3\xa5 udtaget lavbundsjorde til natur. S\xc3\xa5 lad os f\xc3\xa5 lagt nogle seri\xc3\xb8se og ambiti\xc3\xb8se sektorm\xc3\xa5l for #landbruget ind i de kommende #klimahandlingsplaner NU!\nGodt gravearbejde Zenia Stampe !\n#dkpol #dkgreen'
23:36:34: Scraping Every Record - b'https://www.facebook.com/runelund.dk/'
23:36:43: PostURL https://www.facebook.com/runelund.dk/posts/2841967999189406
23:36:43: Post Date b'12/7/19, 1:04 AM'
23:36:44: Post Content: b'En k\xc3\xa6mpe politisk sejr! Vi har en klimalov, med lovf\xc3\xa6stet delm\xc3\xa5l og 70 pct. reduktion af klimagasser i 2030.'
23:36:44: Scraping Every Record - b'https://www.facebook.com/mogensjensen/'
23:36:57: PostURL https://www.facebook.com/mogensjensen/posts/3088240854522569
23:36:57: Post Date b'12/18/19, 12:14 PM'
23:36:57: Post Content: b'Kl. 6 imorges landede vi en EU-fiskeriaftale hvor Danmark som det f\xc3\xb8rste land i Europa indf\xc3\xb8rer elektronisk monitorering af fiskeriet i stor skala.\nElektronisk monitorering er den rigtige vej hen imod en mere moderne, mere gr\xc3\xb8n og mere b\xc3\xa6redygtig fiskeriforvaltning. Og det giver mulighed for at vi ikke, som ellers foresl\xc3\xa5et, skal standse det vigtige fiskeri af jomfruhummer i Kattegat, hvor torsk er bifangst, da vi her f\xc3\xa5r en bifangstkvote p\xc3\xa5 80 tons til Danmark.\nVi rammer s\xc3\xa5ledes en fornuftig balance mellem fiskeriet og arbejdet for at genoprette torskebestanden...'
23:36:57: Scraping Every Record - b'https://www.facebook.com/sorenespersen/'
23:37:22: PostURL https://www.facebook.com/sorenespersen/posts/2420184264866014
23:37:22: Post Date b'11/15/19, 9:38 PM'
23:37:22: Post Content is missing
23:37:22: Scraping Every Record - b'https://www.facebook.com/heunicke/'
23:37:42: PostURL https://www.facebook.com/heunicke/posts/2606124316161700
23:37:42: Post Date b'12/3/19, 12:43 AM'
23:37:42: Post Content: b'Godt arbejde af vores finansminister og alle de deltagende partier \xf0\x9f\x92\xaa'
23:37:42: Scraping Every Record - b'https://www.facebook.com/SimonEmil/'
23:37:53: PostURL https://www.facebook.com/SimonEmil/posts/2467520173495910
23:37:53: Post Date b'12/4/19, 11:05 AM'
23:37:53: Post Content: b'Vil du hj\xc3\xa6lpe partiet Fremad?'
23:37:53: Scraping Every Record - b'https://www.facebook.com/kplorentzen/'
23:38:07: PostURL https://www.facebook.com/kplorentzen/posts/2369298119985336
23:38:07: Post Date b'10/1/19, 12:28 PM'
23:38:07: Post Content: b'Dagen startede ud med debat om el-l\xc3\xb8behjul og gr\xc3\xb8n transport p\xc3\xa5 radio P4 Midt Vest. Min gode kollega Andreas Steenbeerg(RV) og jeg blev sat i st\xc3\xa6vne til en tur p\xc3\xa5 el-l\xc3\xb8behjul og en snak om gr\xc3\xb8n transport.'
23:38:07: Scraping Every Record - b'https://www.facebook.com/TroelsLundPoulsen/'
23:38:20: PostURL https://www.facebook.com/TroelsLundPoulsen/posts/2624750104248005
23:38:20: Post Date b'9/17/19, 7:52 PM'
23:38:21: Post Content: b'Jeg har aldrig v\xc3\xa6ret for fin til at komme med p\xc3\xa5 et afbud - heller ikke n\xc3\xa5r det g\xc3\xa6lder om at repr\xc3\xa6sentere Venstre p\xc3\xa5 DIs topm\xc3\xb8de i dag.'
23:38:21: Scraping Every Record - b'https://www.facebook.com/ekstrabladet/'
23:40:15: PostURL https://www.facebook.com/ekstrabladet/posts/10157164265583520
23:40:15: Post Date b'12/24/19, 6:21 PM'
23:40:15: Post Content: b'Se billederne af ub\xc3\xa5dens juletogt gennem dansk farvand i nedenst\xc3\xa5ende artikel:'
23:40:15: Scraping Every Record - b'https://www.facebook.com/LeifLahn'
23:40:24: PostURL https://www.facebook.com/LeifLahn/posts/10158150509161807
23:40:24: Post Date b'12/10/19, 4:25 PM'
23:40:24: Post Content: b'Ogs\xc3\xa5 p\xc3\xa5 det gr\xc3\xb8nne omr\xc3\xa5de viser vi en ny retning for Danmark \xf0\x9f\x98\x8a\xf0\x9f\x8c\xb1'
23:40:24: Scraping Every Record - b'https://www.facebook.com/liselott.blixt'
23:40:29: Not Posts page
23:41:13: PostURL https://www.facebook.com/liselott.blixt/posts/10220079568361637?__xts__%5B0%5D=68.ARD7DNR65ryhHyfu_Xvt8CbPqo5S41UGv_A7XPqLWUJwImKpHPvcL-iaMTvK4r6NsKRE3Ll-o8ydWB9-oTsHgNJNh8eqk-tOfFBhUhq_Qfe7SQ0PFLuppQ9wcxl_fXlx8iYRZUPxQ1uwWgDJgq4Q8Sz5-F4H8xf4qXWTxHGYQsXi5YM0hj4luZAuEIGHkoR_HRzkBTYmZLqAEY5MZTZExpq94zlyTHo4n4NmN6MZJ6n8QsEIukFm4zDRRR4sUWwSiJi4uA&__tn__=-R
23:41:13: Post Date b'12/13/19, 11:36 AM'
23:41:13: Post Content: b'Sidste dag i Madrid, kommer desv\xc3\xa6rre for sent hjem til at n\xc3\xa5 julefrokosten, s\xc3\xa5 h\xc3\xa5ber mine kollegaer, personale og gamle kollegaer f\xc3\xa5r en god julefrokost.'
23:41:13: Scraping Every Record - b'https://www.facebook.com/mads.fuglede/'
23:41:22: PostURL https://www.facebook.com/mads.fuglede/posts/2447970985473216
23:41:22: Post Date b'12/4/19, 2:36 AM'
23:41:22: Post Content: b'\xe2\x80\x9cI de sidste to \xc3\xa5rhundreder har en gennemsnitlig svensker eller taiwaner oplevet, at de varer og produkter, der er i deres liv, er steget med en faktor 30 eller faktor 100. Alts\xc3\xa5 ikke en stigning p\xc3\xa5 30 eller 100 procent, men p\xc3\xa5 3.000 eller 10.000 procent. Tallene er et billede p\xc3\xa5 verdens gang, og hvorfor markedskr\xc3\xa6fterne er udgangspunktet for et bedre liv. Mange af de udfordringer, vi st\xc3\xa5r over for i dag, er et produkt af den ekstreme effektivitet, hvormed markedet har p\xc3\xa5virk...'
23:41:22: Scraping Every Record - b'https://www.facebook.com/jensjoel/'
23:41:35: PostURL https://www.facebook.com/jensjoel/posts/2446787202113408
23:41:35: Post Date b'12/19/19, 2:42 PM'
23:41:35: Post Content: b'Finansloven er netop vedtaget. Velf\xc3\xa6rden er l\xc3\xb8ftet markant. Den gr\xc3\xb8nne omstilling er tilbage gear. Julen kan bare komme an - fremad i f\xc3\xa6llesskab!'
23:41:35: Scraping Every Record - b'https://www.facebook.com/HenrikDahlLA/'
23:41:57: PostURL https://www.facebook.com/HenrikDahlLA/posts/1188558051338543
23:41:57: Post Date b'12/9/19, 2:13 PM'
23:41:57: Post Content: b'Denne her kan godt t\xc3\xa5le en genudsendelse.'
23:41:57: Scraping Every Record - b'https://www.facebook.com/CharlotteBromanMoelbaek/'
23:42:33: PostURL https://www.facebook.com/CharlotteBromanMoelbaek/posts/2666819686728231
23:42:33: Post Date b'11/12/19, 3:08 PM'
23:42:33: Post Content: b'Klimasikring, Seperatkloakering, biogas, affaldsh\xc3\xa5ndtering var de hotte emner ved m\xc3\xb8det med Vandmilj\xc3\xb8 Randers. Vi s\xc3\xa5 hvordan de lige nu laver seperatkloakering p\xc3\xa5 100 meter, hvor regnvand afskilles fra spildevand, s\xc3\xa5ledes at vandet fra nordbyen adskilles og regnvand ledes ned i Guden\xc3\xa5en.'
23:42:33: Scraping Every Record - b'https://www.facebook.com/jenshenrik.thulesendahl'
23:42:37: Not Posts page
23:42:39: PostURL https://www.facebook.com/jenshenrik.thulesendahl/posts/10221209118881313
23:42:39: Post Date b'11/29/19, 3:16 PM'
23:42:39: Post Content: b'S\xc3\xa5 har vi haft debatten om indeklimaet i folkeskolen. Og tak for en god debat. Der var stor opbakning til at der skal g\xc3\xb8res noget - bare ikke helt, som vi havde foresl\xc3\xa5et det - s\xc3\xa5 nu skal jeg have skrevet en s\xc3\xa5kaldt \xe2\x80\x9cberetning\xe2\x80\x9d hvor jeg h\xc3\xa5ber at kunne f\xc3\xa5 et stort flertal til at bakke op om, at KL skal presses p\xc3\xa5 maven for at sikre, at der kommer planer i kommunerne. Vi skal ogs\xc3\xa5 have sikret, at Dansk Center For Undervisningsmilj\xc3\xb8 f\xc3\xa5r bedre muligheder for at kontrollere og kr\xc3\xa6ve, at undervisningsmilj\xc3\xb8et - herunder indeklimaet - er i orden p\xc3\xa5 de enkelte skoler.'
23:42:39: Scraping Every Record - b'https://www.facebook.com/StinusLindgreenRV/'
23:42:52: PostURL https://www.facebook.com/StinusLindgreenRV/posts/1266170926916058
23:42:52: Post Date b'12/7/19, 1:01 AM'
23:42:52: Post Content: b'S\xc3\xa5dan! Der er nu lavet aftale om en klimalov.'
23:42:52: Scraping Every Record - b'http://www.facebook.com/rasmus.nordqvist'
23:42:59: PostURL http://www.facebook.com/rasmus.nordqvist/posts/1277838919090008
23:42:59: Post Date b'12/19/19, 4:55 PM'
23:42:59: Post Content: b'Jeg stiller op som politisk leder for Alternativet'
23:42:59: Scraping Every Record - b'https://www.facebook.com/S%C3%B8ren-Egge-Rasmussen-947582238609972'
23:43:09: PostURL https://www.facebook.com/S%C3%B8ren-Egge-Rasmussen-947582238609972/posts/2898654616836048
23:43:09: Post Date b'12/24/19, 5:12 PM'
23:43:09: Post Content: b'Vintergr\xc3\xb8nk\xc3\xa5l kan anbefales i den \xc3\xb8kologiske og veganske udgave. Tilsat karry og rodfrugter. Jeg spiser det hele vinteren. Godt solhverv til alle - vi g\xc3\xa5r nu mod lysere tider.'
23:43:09: Scraping Every Record - b'https://www.facebook.com/SophieLoehde/'
23:44:07: PostURL https://www.facebook.com/SophieLoehde/posts/2262217517189913
23:44:07: Post Date b'5/26/19, 5:30 PM'
23:44:07: Post Content: b'S\xc3\xa5 har jeg ogs\xc3\xa5 v\xc3\xa6ret nede og stemme p\xc3\xa5 Venstre\xe2\x9c\x8c\xf0\x9f\x8f\xbb\xf0\x9f\x92\x99 Del og like, hvis du ogs\xc3\xa5 vil have et gr\xc3\xb8nnere og mere stabilt Europa!'
23:44:07: Scraping Every Record - b'https://www.facebook.com/jelved'
23:44:35: PostURL https://www.facebook.com/jelved/posts/2329140890462960
23:44:35: Post Date b'6/4/19, 5:02 PM'
23:44:35: Post Content: b'I dag har jeg v\xc3\xa6ret ude og banke p\xc3\xa5 d\xc3\xb8re for at snakke med mennesker om, hvilken retning de \xc3\xb8nsker for Danmark. Heldigvis siger mange, at de \xc3\xb8nsker en gr\xc3\xb8nnere retning med mere hjerte i udl\xc3\xa6ndingepolitikken \xf0\x9f\x85\xb1\xef\xb8\x8f\xf0\x9f\x8d\x80\xf0\x9f\x8c\x8e'
23:44:35: Scraping Every Record - b'https://www.facebook.com/KatarinaAmmitzboll/'
23:44:42: PostURL https://www.facebook.com/KatarinaAmmitzboll/posts/2501320660111418
23:44:42: Post Date b'12/24/19, 2:54 AM'
23:44:42: Post Content: b'Juleroen er ved at s\xc3\xa6nke sig efter et fantastisk begivenhedsrigt \xc3\xa5r, som nyvalgt MF for Konservative for Frederiksberg og Hovedstaden.'
23:44:42: Scraping Every Record - b'https://www.facebook.com/torsten.gejl'
23:44:52: PostURL https://www.facebook.com/torsten.gejl/posts/1532540120230059
23:44:52: Post Date b'12/18/19, 8:48 PM'
23:44:52: Post Content: b'Alternativet har netop f\xc3\xa5et stor ros af finansminister Nicolai Wammen for vores st\xc3\xa6rke gr\xc3\xb8nne aftryk p\xc3\xa5 finansloven.'
23:44:52: Scraping Every Record - b'https://www.facebook.com/julieskovsby'
23:44:55: Not Posts page
23:45:09: PostURL https://www.facebook.com/julieskovsby/posts/10156791294779000
23:45:09: Post Date b'1/9/19, 2:57 PM'
23:45:09: Post Content: b'K\xc3\xa6re regering, ikke noget med et "Lille holt", vi skal videre.'
23:45:09: Scraping Every Record - b'https://www.facebook.com/TrineBramsen/'
23:45:19: PostURL https://www.facebook.com/TrineBramsen/posts/2067007316736304
23:45:19: Post Date b'12/18/19, 8:50 PM'
23:45:19: Post Content: b'Fantastiske finanslov. Og en lang dag i Folketinget. Men det er det v\xc3\xa6rd; vi stemmer om flere h\xc3\xa6nder i daginstitutioner, bedre klima, psykiatri og uddannelser og meget mere der styrker vores velf\xc3\xa6rdssamfund \xf0\x9f\x92\xaa'
23:45:19: Scraping Every Record - b'https://www.facebook.com/lea.wermelin'
23:45:24: Not Posts page
23:45:27: PostURL https://www.facebook.com/lea.wermelin/posts/10159042167987619
23:45:27: Post Date b'12/20/19, 8:19 PM'
23:45:27: Post Content: b'Fredag og Sailing Home for Christmas\xf0\x9f\x98\x8d\xf0\x9f\x8e\x84\xf0\x9f\x8c\x8a\xf0\x9f\x9b\xb3\xe2\x9d\xa4\xef\xb8\x8f God weekend'
23:45:27: Scraping Every Record - b'https://www.facebook.com/stembrittbager/'
23:45:47: PostURL https://www.facebook.com/stembrittbager/posts/2091787350949916
23:45:47: Post Date b'6/9/19, 2:57 PM'
23:45:47: Post Content: b'De skal jo ned igen - plakaterne #fv19 #exndnuenplakatdag #venstre #\xc3\xb8stjylland'
23:45:47: Scraping Every Record - b'https://www.facebook.com/ClausHjortFrederiksen/'
23:46:22: PostURL https://www.facebook.com/ClausHjortFrederiksen/posts/2435620366672425
23:46:22: Post Date b'5/29/19, 1:51 PM'
23:46:22: Post Content: b'FV DAG 23: HENT MIN BOG GRATIS ONLINE\n....jeg har skrevet en lille bog om, hvad jeg st\xc3\xa5r for, og hvad jeg gerne vil arbejde for, hvis de nordsj\xc3\xa6llandske v\xc3\xa6lgere giver mig lov d. 5. juni.\n....men du kan selvf\xc3\xb8lgelig ogs\xc3\xa5 f\xc3\xa5 dit eget fysiske eksemplar, n\xc3\xa5r vi har g\xc3\xa5gadeaktion l\xc3\xb8rdag eller ved en af de debatter jeg deltager i \xf0\x9f\x98\x80'
23:46:22: Scraping Every Record - b'https://www.facebook.com/jan.e.joergensen/'
23:46:51: PostURL https://www.facebook.com/jan.e.joergensen/posts/700899440398786
23:46:51: Post Date b'12/3/19, 2:04 PM'
23:46:51: Post Content: b'Det Lars siger'
23:46:51: Scraping Every Record - b'https://www.facebook.com/rasmus.prehn/'
23:46:59: PostURL https://www.facebook.com/rasmus.prehn/posts/1317057828486282
23:46:59: Post Date b'12/26/19, 11:58 AM'
23:46:59: Post Content: b'Danmark arbejder for en gr\xc3\xb8n verden med milj\xc3\xb8et i fokus\xf0\x9f\x8c\x8d\xf0\x9f\x8c\xb9\xf0\x9f\x87\xa9\xf0\x9f\x87\xb0 Det har jeg skrevet med milj\xc3\xb8minister Lea Wermelin om i g\xc3\xa5rsdagens Nordjyske!\nL\xc3\xa6s med her\xf0\x9f\xa4\x93'
23:46:59: Scraping Every Record - b'https://www.facebook.com/HalimeSF/'
23:47:09: PostURL https://www.facebook.com/HalimeSF/posts/2598824370231355
23:47:09: Post Date b'12/8/19, 5:19 PM'
23:47:09: Post Content: b'I SF g\xc3\xa5r vi ind for n\xc3\xb8dvendighedens politik, men nok p\xc3\xa5 en anden m\xc3\xa5de, end hvad man almindeligvis forst\xc3\xa5r ved dette begreb.'
23:47:09: Scraping Every Record - b'https://www.facebook.com/DennisFlydtkjaer'
23:47:31: PostURL https://www.facebook.com/DennisFlydtkjaer/posts/1204595956375993
23:47:31: Post Date b'6/30/19, 1:02 PM'
23:47:31: Post Content: b'Super god nyhed, at de kystn\xc3\xa6re vindm\xc3\xb8ller i parken Vesterhav syd nu flyttes l\xc3\xa6ngere ud p\xc3\xa5 havet \xf0\x9f\x91\x8d\xf0\x9f\x8f\xbb'
23:47:31: Scraping Every Record - b'https://www.facebook.com/kronborg.esbjerg/'
23:47:45: PostURL https://www.facebook.com/kronborg.esbjerg/posts/2566681623573626
23:47:45: Post Date b'12/10/19, 2:49 PM'
23:47:45: Post Content: b'Jeg er rigtig glad for, at der gives en hj\xc3\xa6lpende h\xc3\xa5nd til Esbjergs ledige gr\xc3\xb8nl\xc3\xa6ndere. Det er en gruppe borgere, som vi p\xc3\xa5 ingen m\xc3\xa5de m\xc3\xa5 glemme. Jeg har i det daglige en god dialog med Aki-Matilda H\xc3\xb8egh-Dam og Peter Hummelgaard \xf0\x9f\x8c\xb9'
23:47:45: Scraping Every Record - b'https://www.facebook.com/danskerhverv/'
23:47:52: PostURL https://www.facebook.com/danskerhverv/posts/2244752688956859
23:47:52: Post Date b'9/2/19, 4:18 PM'
23:47:52: Post Content: b'Var det noget med et klima-kinder\xc3\xa6g?'
23:47:52: Scraping Every Record - b'https://www.facebook.com/MFJesper/'
23:48:00: PostURL https://www.facebook.com/MFJesper/posts/2598568470261777
23:48:00: Post Date b'12/19/19, 2:05 PM'
23:48:00: Post Content: b'Fistbump med finansminister Wammen i folketingssalen i dag. For finansloven er nu stemt igennem - og den nye kurs om prioritering af velf\xc3\xa6rd og gr\xc3\xb8n omstilling tager fart!'
23:48:00: Scraping Every Record - b'https://www.facebook.com/jeppe.bruus'
23:48:08: PostURL https://www.facebook.com/jeppe.bruus/posts/1422527671257224
23:48:08: Post Date b'12/7/19, 5:04 PM'
23:48:08: Post Content: b'\xf0\x9f\x92\xaa\xe2\x98\x98\xef\xb8\x8f\xe2\x9d\xa4\xef\xb8\x8f S\xc3\xa5 fik Danmark vores f\xc3\xb8rste klimalov. Der g\xc3\xb8r Danmark til et af de lande, der g\xc3\xa5r allerforrest for at sikre den gr\xc3\xb8nne omstilling. Og stort set alle partier i Folketinget er med. Utrolig st\xc3\xa6rkt!'
23:48:08: Scraping Every Record - b'https://www.facebook.com/Ckissmeyer/'
23:48:15: PostURL https://www.facebook.com/Ckissmeyer/posts/2547060952280747
23:48:15: Post Date b'11/27/19, 10:56 PM'
23:48:15: Post Content: b'Ugen er nu godt igang.\nMandag bes\xc3\xb8gte jeg staldinventarfabrikken Jyden Bur, hvor jeg b\xc3\xa5de s\xc3\xa5 virksomheden og m\xc3\xb8dte den nordvestjyske erhvervsgruppe, der k\xc3\xa6mper for f\xc3\xa5 lukket motorvejshullerne ved Herning - jeg st\xc3\xb8tter til fulde deres \xc3\xb8nske. Mandag aften Venstrem\xc3\xb8de hjemme i Ikast, hvor vi bl.a. fik den gode historie om ISI (Idr\xc3\xa6tsskolerne i Ikast) og hele sportsmilj\xc3\xb8et i Ikast.'
23:48:15: Scraping Every Record - b'https://www.facebook.com/olebirkolesen'
23:48:20: Not Posts page
23:48:31: PostURL https://www.facebook.com/olebirkolesen/posts/674081813097611
23:48:31: Post Date b'5/7/19, 4:07 PM'
23:48:31: Post Content: b'S\xc3\xa5 er valget udskrevet. Her er fire centrale m\xc3\xa6rkesager fra mig til v\xc3\xa6lgerne i \xc3\x98stjylland. Lad os f\xc3\xa5 en god og sober valgkamp, hvor vi diskuterer politiske l\xc3\xb8sninger og visioner!'
23:48:31: Scraping Every Record - b'https://www.facebook.com/SorenPapePoulsen/'
23:48:44: PostURL https://www.facebook.com/SorenPapePoulsen/posts/3165737053442568
23:48:45: Post Date b'12/7/19, 12:54 AM'
23:48:45: Post Content: b'En rigtig god og vigtig nyhed. Klimaloven er landet!'
23:48:45: Scraping Every Record - b'https://www.facebook.com/evakjerhansen/'
23:49:10: PostURL https://www.facebook.com/evakjerhansen/posts/1235037169993880
23:49:10: Post Date b'6/26/19, 7:17 PM'
23:49:10: Post Content: b'Vi skal have en stram udl\xc3\xa6ndingepolitik, og med den nye aftale mellem de r\xc3\xb8de partier er det blevet tydeligt, at man kun kan f\xc3\xa5 s\xc3\xa5dan en i bl\xc3\xa5 blok.'
23:49:10: Scraping Every Record - b'https://www.facebook.com/anni.matthiesen.3'
23:49:14: Not Posts page
23:50:18: PostURL https://www.facebook.com/anni.matthiesen.3/posts/10218884029275954
23:50:18: Post Date b'5/27/19, 4:45 PM'
23:50:18: Post Content is missing
23:50:18: Scraping Every Record - b'https://www.facebook.com/berlingske/'
23:50:30: PostURL https://www.facebook.com/berlingske/posts/10156844891033133
23:50:30: Post Date b'12/26/19, 2:10 PM'
23:50:30: Post Content: b'\xc2\xbbDet er en meget alvorlig melding, Ellemann kommer med.\xc2\xab'
23:50:30: Scraping Every Record - b'https://www.facebook.com/Kaspersandkjaer'
23:50:36: Not Posts page
23:50:44: PostURL https://www.facebook.com/Kaspersandkjaer/posts/10157410074591115%3A1
23:50:44: Post Date b'6/8/19, 7:19 PM'
23:50:44: Post Content is missing
23:50:44: Scraping Every Record - b'https://www.facebook.com/folketingskandidata'
23:50:53: PostURL https://www.facebook.com/folketingskandidata/posts/2546017605618367
23:50:53: Post Date b'12/10/19, 11:29 PM'
23:50:53: Post Content: b'Danmark er blevet det mest klimaambiti\xc3\xb8se land i Verden\xf0\x9f\x98\x81\xf0\x9f\x98\x81\xf0\x9f\x91\x8d\xf0\x9f\x91\x8d'
23:50:53: Scraping Every Record - b'https://www.facebook.com/1Knuth/'
23:52:36: PostURL https://www.facebook.com/1Knuth/posts/2127814127323912
23:52:36: Post Date b'10/8/19, 10:01 AM'
23:52:36: Post Content: b'For nogen en lille ting, for andre overlevelse.'
23:52:36: Scraping Every Record - b'https://www.facebook.com/sjurdur.skaale'
23:52:42: Not Posts page
23:53:03: PostURL https://www.facebook.com/sjurdur.skaale/posts/10217610602109370
23:53:03: Post Date b'11/28/19, 12:15 AM'
23:53:03: Post Content: b'Javna\xc3\xb0arflokkurin hevur \xc3\xa1 f\xc3\xb3lkatingi v\xc3\xadst \xc3\xa1, at ta\xc3\xb0 als ikki er \xc3\xad lagi, at f\xc3\xb8royingar, sum taka ein grindabita vi\xc3\xb0 til Danmarkar, f\xc3\xa1a st\xc3\xb3ra b\xc3\xb3t um teir ver\xc3\xb0a tiknir \xc3\xad Kastrup - me\xc3\xb0an gr\xc3\xb8nlendingar hinvegin kunnu taka tv\xc3\xb8st vi\xc3\xb0.\nLegendariski teknarin \xc3\xa1 Sk\xc3\xa1la var skj\xc3\xb3tur \xf0\x9f\x98\x80'
23:53:03: Scraping Every Record - b'https://www.facebook.com/stemjacobmark/'
23:53:18: PostURL https://www.facebook.com/stemjacobmark/posts/10157304675898411
23:53:18: Post Date b'12/13/19, 4:03 PM'
23:53:18: Post Content: b'\xc3\x85rets ord er \xe2\x80\x9cklimatosse.\xe2\x80\x9d\nDet er lige blevet k\xc3\xa5ret af Danmarks Radio.'
23:53:18: Scraping Every Record - b'https://www.facebook.com/phummelgaard/'
23:53:24: Scraping Every Record - b'https://www.facebook.com/kaaredybvad/'
23:53:26: Scraping Every Record - b'https://www.facebook.com/stembrandenborg/'
23:53:26: Scraping Every Record - b'https://www.facebook.com/ditbt/'
23:53:26: Scraping Every Record - b'https://www.facebook.com/stem.anne.valentina/'
23:53:26: Scraping Every Record - b'https://www.facebook.com/hans.skibby/'
23:53:26: Scraping Every Record - b'https://www.facebook.com/KHegaard'
23:53:26: Scraping Every Record - b'https://www.facebook.com/BentBoegsted'
23:53:26: Scraping Every Record - b'https://www.facebook.com/oestergaard/'
23:53:26: Scraping Every Record - b'https://www.facebook.com/kristianjensen.venstre/'
23:53:26: Scraping Every Record - b'https://www.facebook.com/UffeElbaek/'
23:53:26: Scraping Every Record - b'https://www.facebook.com/LarsAslanRasmussen/'
23:53:26: Scraping Every Record - b'https://www.facebook.com/kim.valentin.7'
23:53:26: Scraping Every Record - b'https://www.facebook.com/ida.auken/'
23:53:26: Scraping Every Record - b'https://www.facebook.com/abildgaard.mette/'
23:53:26: Scraping Every Record - b'https://www.facebook.com/RosaLund.dk/'
23:53:26: Scraping Every Record - b'https://www.facebook.com/stemhalsboe'
23:53:26: Scraping Every Record - b'https://www.facebook.com/mortendahlin'
23:53:26: Scraping Every Record - b'https://www.facebook.com/Troels.Ravn.A'
23:53:26: Scraping Every Record - b'https://www.facebook.com/BirgitteBergmanPolitiker/'
23:53:26: Scraping Every Record - b'https://www.facebook.com/MetteHjermindDencker'
23:53:26: Scraping Every Record - b'https://www.facebook.com/sofiecarstennielsen/'
23:53:26: Scraping Every Record - b'https://www.facebook.com/stemperlarsen/'
23:53:26: Scraping Every Record - b'https://www.facebook.com/SorenSondergaard.dk/'
23:53:26: Scraping Every Record - b'https://www.facebook.com/ullatoernaes/'
23:53:26: Scraping Every Record - b'https://www.facebook.com/AlexLiberalAlliance/'
23:53:26: Scraping Every Record - b'https://www.facebook.com/b.laustsen'
23:53:26: Scraping Every Record - b'https://www.facebook.com/mettefrederiksen.dk/'
23:53:26: Scraping Every Record - b'https://www.facebook.com/janjohansensocialdemokrat'
23:53:26: Scraping Every Record - b'https://www.facebook.com/klimaministeriet/'
23:53:26: Scraping Every Record - b'https://www.facebook.com/LandbrugFoedevarer/'
23:53:26: Scraping Every Record - b'https://www.facebook.com/CamFabricius/'
23:53:26: Scraping Every Record - b'https://www.facebook.com/ida.auken/'
23:53:26: Scraping Every Record - b'https://www.facebook.com/Chr.Juhl1'
23:53:26: Scraping Every Record - b'https://www.facebook.com/BertelHaarder/'
23:53:26: Scraping Every Record - b'https://www.facebook.com/akimatilda'
23:53:26: Scraping Every Record - b'https://www.facebook.com/BrigitteKlintskovJerkel/'
23:53:26: Scraping Every Record - b'https://www.facebook.com/henrikdamkristensen'
23:53:26: Scraping Every Record - b'https://www.facebook.com/dagbladetinformation/'
23:53:26: Scraping Every Record - b'https://www.facebook.com/ThDanielsen/'
23:53:26: Scraping Every Record - b'https://www.facebook.com/hansandersen.venstre/'
23:53:26: Scraping Every Record - b'https://www.facebook.com/jakobellemann/'
23:53:26: Scraping Every Record - b'https://www.facebook.com/andreasraaby.steenberg'
23:53:26: Scraping Every Record - b'https://www.facebook.com/maimercado.dk/'
23:53:26: Scraping Every Record - b'https://www.facebook.com/signe.munk.5'
23:53:26: Scraping Every Record - b'https://www.facebook.com/louise.elholm/'
23:53:26: Scraping Every Record - b'https://www.facebook.com/rasmusstoklund/'
23:53:26: Scraping Every Record - b'https://www.facebook.com/annehonoreoestergaard'
23:53:26: Scraping Every Record - b'https://www.facebook.com/karinalorentzendehnhardt/'
23:53:26: Scraping Every Record - b'https://www.facebook.com/heidibank.dk/'
23:53:26: Scraping Every Record - b'https://www.facebook.com/ElleniFolketinget/'
23:53:26: Scraping Every Record - b'https://www.facebook.com/stemtesfaye/'
23:53:26: Scraping Every Record - b'https://www.facebook.com/flemmingmoellermortensen'
23:53:26: Scraping Every Record - b'https://www.facebook.com/christofferaagaardmelson/'
23:53:26: Scraping Every Record - b'https://www.facebook.com/sikandar.alternativet'
23:53:26: Scraping Every Record - b'https://www.facebook.com/thomasjensensilkeborg'
23:53:26: Scraping Every Record - b'https://www.facebook.com/IngerStojberg/'
23:53:26: Scraping Every Record - b'https://www.facebook.com/stemlauritzen/'
23:53:26: Scraping Every Record - b'https://www.facebook.com/tschackpedersen/'
23:53:26: Scraping Every Record - b'https://www.facebook.com/LBMathiesen/'
23:53:26: Scraping Every Record - b'https://www.facebook.com/jensrohdedk/'
23:53:26: Scraping Every Record - b'https://www.facebook.com/danskindustri/'
23:53:26: Scraping Every Record - b'https://www.facebook.com/larsloekke'
23:53:26: Scraping Every Record - b'https://www.facebook.com/Marlene-Ambo-Rasmussen-759821337497406/'
23:53:26: Scraping Every Record - b'https://www.facebook.com/zeniastampe/'
23:53:26: Scraping Every Record - b'https://www.facebook.com/martin.geertsen'
23:53:26: Scraping Every Record - b'https://www.facebook.com/rasmus.helveg.petersen'
23:53:26: Scraping Every Record - b'https://www.facebook.com/Lise.Bech.DF'
23:53:26: Scraping Every Record - b'https://www.facebook.com/peter.juel.jensen'
23:53:26: Scraping Every Record - b'https://www.facebook.com/janeheitmannV/'
23:53:26: Scraping Every Record - b'https://www.facebook.com/christiansborg'
23:53:26: Scraping Every Record - b'https://www.facebook.com/rasmusjarlov'
23:53:26: Scraping Every Record - b'https://www.facebook.com/borsen.dk/'
23:53:26: Scraping Every Record - b'https://www.facebook.com/lotterod/'
23:53:26: Scraping Every Record - b'https://www.facebook.com/PrebenBangHenriksen/'
23:53:26: Scraping Every Record - b'https://www.facebook.com/nicolaiwammen/'
23:53:26: Scraping Every Record - b'https://www.facebook.com/OrlaOsterbyIFolketinget'
23:53:26: Scraping Every Record - b'https://www.facebook.com/rasmuslanghoff.dk'
23:53:26: Scraping Every Record - b'https://www.facebook.com/karen.ellemann/'
23:53:26: Scraping Every Record - b'https://www.facebook.com/Annette-Lind-879906758810052'
23:53:26: Scraping Every Record - b'https://www.facebook.com/CarlValentinSF/'
23:53:26: Scraping Every Record - b'https://www.facebook.com/birgitte.vind.1/'
23:53:26: Scraping Every Record - b'https://www.facebook.com/simonkollerup'
23:53:26: Scraping Every Record - b'https://www.facebook.com/socialdemokratietihelsingor.dk/'
23:53:26: Scraping Every Record - b'https://www.facebook.com/danjorgensen/'
23:53:26: Scraping Every Record - b'https://www.facebook.com/karstenhoenge'
23:53:26: Scraping Every Record - b'https://www.facebook.com/nickhaekkerup/'
23:53:26: Scraping Every Record - b'https://www.facebook.com/BennyEngelbrecht/'
23:53:26: Scraping Every Record - b'https://www.facebook.com/MortenMesserschmidt/'
23:53:26: Scraping Every Record - b'https://www.facebook.com/niels.f.hansen.7'
23:53:26: Scraping Every Record - b'https://www.facebook.com/VictoriaRisbjergVelasquez/'
23:53:26: Scraping Every Record - b'https://www.facebook.com/pernillerosenkrantz/'
23:53:26: Scraping Every Record - b'https://www.facebook.com/skaarupdf/'
23:53:26: Scraping Every Record - b'https://www.facebook.com/JuulMona/'
23:53:26: Scraping Every Record - b'https://www.facebook.com/katrinerobsoe/'
23:53:26: Scraping Every Record - b'https://www.facebook.com/danieltoftjakobsen'
23:53:26: Scraping Every Record - b'https://www.facebook.com/martin.lidegaard/'
23:53:26: Scraping Every Record - b'https://www.facebook.com/nielsthdahl'
23:53:26: Scraping Every Record - b'https://www.facebook.com/susanne.zimmer.alternativet/'
23:53:26: Scraping Every Record - b'https://www.facebook.com/peder.hvelplund'
23:53:26: Scraping Every Record - b'https://www.facebook.com/erling.bonnesen/'
23:53:26: Scraping Every Record - b'https://www.facebook.com/ReneChristensenDF'
23:53:26: Scraping Every Record - b'https://www.facebook.com/pia.olsen.dyhr/'
23:53:26: Scraping Every Record - b'https://www.facebook.com/lisbethbechpoulsen/'
23:53:26: Scraping Every Record - b'https://www.facebook.com/pernille.skipper.5/'
23:53:26: Scraping Every Record - b'https://www.facebook.com/jyllandsposten/'
23:53:26: Scraping Every Record - b'https://www.facebook.com/StemMalteLarsen'
23:53:26: Scraping Every Record - b'https://www.facebook.com/astrid.krag/'
23:53:26: Scraping Every Record - b'https://www.facebook.com/Marie.Bjerre.i.FT/'
23:53:26: Scraping Every Record - b'https://www.facebook.com/MarcusKnuthMF/'
23:53:26: Scraping Every Record - b'https://www.facebook.com/fatmaoktemv/'
23:53:26: Scraping Every Record - b'https://www.facebook.com/mortenbodskov/'
23:53:26: Scraping Every Record - b'https://www.facebook.com/mettegjerskov/'
23:53:26: Scraping Every Record - b'https://www.facebook.com/SAMIRA.NAWA'
23:53:26: Scraping Every Record - b'https://www.facebook.com/christian.rabjerg'
23:53:26: Scraping Every Record - b'https://www.facebook.com/aajachemnitzlarsen'
23:53:26: Scraping Every Record - b'https://www.facebook.com/eva.flyvholm.enhedslisten'
23:53:26: Scraping Every Record - b'https://www.facebook.com/KirstenNormannAndersen'
23:53:26: Scraping Every Record - b'https://www.facebook.com/lilleholt/'
23:53:26: Scraping Every Record - b'https://www.facebook.com/AnnePaulin2/'
23:53:26: Scraping Every Record - b'https://www.facebook.com/naserkhaderdk'
23:53:26: Scraping Every Record - b'https://www.facebook.com/Karina-Adsb%C3%B8l-1546433252297862/'
23:53:26: Scraping Every Record - b'https://www.facebook.com/NewBlack'
23:53:26: Scraping Every Record - b'https://www.facebook.com/mfjacobjensen/'
23:53:26: Scraping Every Record - b'https://www.facebook.com/peterseierchristensen/'
23:53:26: Scraping Every Record - b'https://www.facebook.com/politiken/'
23:53:26: Scraping Every Record - b'https://www.facebook.com/AstridCaroe/'
23:53:26: Scraping Every Record - b'https://www.facebook.com/sftrine/'
23:53:26: Scraping Every Record - b'https://www.facebook.com/henning.hyllested'
23:53:26: Scraping Every Record - b'https://www.facebook.com/Mai-Villadsen-285722315449568/'
23:53:26: Scraping Every Record - b'https://www.facebook.com/michaelaastrup/'
23:53:26: Scraping Every Record - b'https://www.facebook.com/jakob.solvhoj'
23:53:26: Scraping Every Record - b'https://www.facebook.com/people/Pernille-Vermund/740127218'
23:53:26: Scraping Every Record - b'https://www.facebook.com/mette.thiesen/?tn-str=k*F'
23:53:26: Scraping Every Record - b'https://www.facebook.com/annesophie.radikale/'
