22:23:02: log started
22:23:04: Parsed Pages Tab
22:23:05: Parsed Filter Tab
22:23:12: Scraping Every Record - b'https://www.facebook.com/hans.c.schmidt.58/'
22:24:39: PostURL https://www.facebook.com/hans.c.schmidt.58/posts/1070967986427922
22:24:39: Post Date b'5/24/19, 11:10 AM'
22:24:39: Post Content: b'S\xc3\xa5 er holdet klar i valgbussen\xf0\x9f\x9a\x8c\nI dag g\xc3\xa5r turen til Padborg hvor jeg skal \xc3\xa5bne transportmessen. Herefter k\xc3\xb8rer vi til Aabenraa hvor vi vil v\xc3\xa6re at finde p\xc3\xa5 Dyreskuepladsen fra 12-15 og i g\xc3\xa5gaden fra 15.30-17. Jeg h\xc3\xa5ber vi ses \xe2\x98\xba\xef\xb8\x8f'
22:24:40: Scraping Every Record - b'https://www.facebook.com/damsboandersen'
22:24:44: Not Posts page
22:25:38: PostURL https://www.facebook.com/photo.php?fbid=10218298215192791&set=a.1144147649896&type=3
22:25:38: Post Date b'1/14/19, 9:03 PM'
22:25:38: Post Content: b'S\xc3\xa5 er valgkampen i gang\nI dag har jeg v\xc3\xa6ret til et meget velbes\xc3\xb8gt debatm\xc3\xb8de p\xc3\xa5 Katedralskolen i Nyk\xc3\xb8bing F\nDe unge er meget optagede af klima, milj\xc3\xb8 og uddannelse og stillede meget kvalificerede sp\xc3\xb8rgsm\xc3\xa5l'
22:25:38: Scraping Every Record - b'https://www.facebook.com/Xorlahav'
22:25:41: Not Posts page
22:26:03: PostURL https://www.facebook.com/photo.php?fbid=2658536384212437&set=a.123368221062612&type=3
22:26:03: Post Date b'5/29/19, 10:13 PM'
22:26:03: Post Content: b'Dejligt at mit parti er enig med mig om klimaindsats. Se bare her ovenp\xc3\xa5 vores plantning af klimaskov!'
22:26:03: Scraping Every Record - b'https://www.facebook.com/RVolldag/'
22:26:12: PostURL https://www.facebook.com/RVolldag/posts/1356587904524257
22:26:12: Post Date b'12/17/19, 3:30 PM'
22:26:12: Post Content: b'CHOKERENDE!\nNej, vi har IKKE 108.000 hektar lavbundsjorde i Danmark, vi har i stedet 171.000 hektar. Det er langt mere #CO2 udledning end vi tidligere har regnet med. N\xc3\xa6rmere bestemt 1,6 millioner ton, som svarer til 3,2 procent af det samlede udledning i #Danmark!\nNu haster det endnu mere, at f\xc3\xa5 udtaget lavbundsjorde til natur. S\xc3\xa5 lad os f\xc3\xa5 lagt nogle seri\xc3\xb8se og ambiti\xc3\xb8se sektorm\xc3\xa5l for #landbruget ind i de kommende #klimahandlingsplaner NU!\nGodt gravearbejde Zenia Stampe !\n#dkpol #dkgreen'
22:26:12: Scraping Every Record - b'https://www.facebook.com/runelund.dk/'
22:26:21: PostURL https://www.facebook.com/runelund.dk/posts/2841967999189406
22:26:21: Post Date b'12/7/19, 1:04 AM'
22:26:21: Post Content: b'En k\xc3\xa6mpe politisk sejr! Vi har en klimalov, med lovf\xc3\xa6stet delm\xc3\xa5l og 70 pct. reduktion af klimagasser i 2030.'
22:26:21: Scraping Every Record - b'https://www.facebook.com/mogensjensen/'
22:26:33: PostURL https://www.facebook.com/mogensjensen/posts/3088240854522569
22:26:33: Post Date b'12/18/19, 12:14 PM'
22:26:33: Post Content: b'Kl. 6 imorges landede vi en EU-fiskeriaftale hvor Danmark som det f\xc3\xb8rste land i Europa indf\xc3\xb8rer elektronisk monitorering af fiskeriet i stor skala.\nElektronisk monitorering er den rigtige vej hen imod en mere moderne, mere gr\xc3\xb8n og mere b\xc3\xa6redygtig fiskeriforvaltning. Og det giver mulighed for at vi ikke, som ellers foresl\xc3\xa5et, skal standse det vigtige fiskeri af jomfruhummer i Kattegat, hvor torsk er bifangst, da vi her f\xc3\xa5r en bifangstkvote p\xc3\xa5 80 tons til Danmark.\nVi rammer s\xc3\xa5ledes en fornuftig balance mellem fiskeriet og arbejdet for at genoprette torskebestanden...'
22:26:33: Scraping Every Record - b'https://www.facebook.com/sorenespersen/'
22:26:56: PostURL https://www.facebook.com/sorenespersen/posts/2420184264866014
22:26:56: Post Date b'11/15/19, 9:38 PM'
22:26:56: Post Content is missing
22:26:56: Scraping Every Record - b'https://www.facebook.com/heunicke/'
22:27:16: PostURL https://www.facebook.com/heunicke/posts/2606124316161700
22:27:16: Post Date b'12/3/19, 12:43 AM'
22:27:16: Post Content: b'Godt arbejde af vores finansminister og alle de deltagende partier \xf0\x9f\x92\xaa'
22:27:16: Scraping Every Record - b'https://www.facebook.com/SimonEmil/'
22:27:29: PostURL https://www.facebook.com/SimonEmil/posts/2467520173495910
22:27:29: Post Date b'12/4/19, 11:05 AM'
22:27:29: Post Content: b'Vil du hj\xc3\xa6lpe partiet Fremad?'
22:27:29: Scraping Every Record - b'https://www.facebook.com/kplorentzen/'
22:27:42: PostURL https://www.facebook.com/kplorentzen/posts/2369298119985336
22:27:42: Post Date b'10/1/19, 12:28 PM'
22:27:42: Post Content: b'Dagen startede ud med debat om el-l\xc3\xb8behjul og gr\xc3\xb8n transport p\xc3\xa5 radio P4 Midt Vest. Min gode kollega Andreas Steenbeerg(RV) og jeg blev sat i st\xc3\xa6vne til en tur p\xc3\xa5 el-l\xc3\xb8behjul og en snak om gr\xc3\xb8n transport.'
22:27:42: Scraping Every Record - b'https://www.facebook.com/TroelsLundPoulsen/'
22:27:55: PostURL https://www.facebook.com/TroelsLundPoulsen/posts/2624750104248005
22:27:55: Post Date b'9/17/19, 7:52 PM'
22:27:55: Post Content: b'Jeg har aldrig v\xc3\xa6ret for fin til at komme med p\xc3\xa5 et afbud - heller ikke n\xc3\xa5r det g\xc3\xa6lder om at repr\xc3\xa6sentere Venstre p\xc3\xa5 DIs topm\xc3\xb8de i dag.'
22:27:55: Scraping Every Record - b'https://www.facebook.com/ekstrabladet/'
22:29:31: PostURL https://www.facebook.com/ekstrabladet/posts/10157164265583520
22:29:31: Post Date b'12/24/19, 6:21 PM'
22:29:31: Post Content: b'Se billederne af ub\xc3\xa5dens juletogt gennem dansk farvand i nedenst\xc3\xa5ende artikel:'
22:29:31: Scraping Every Record - b'https://www.facebook.com/LeifLahn'
22:29:39: PostURL https://www.facebook.com/LeifLahn/posts/10158150509161807
22:29:39: Post Date b'12/10/19, 4:25 PM'
22:29:39: Post Content: b'Ogs\xc3\xa5 p\xc3\xa5 det gr\xc3\xb8nne omr\xc3\xa5de viser vi en ny retning for Danmark \xf0\x9f\x98\x8a\xf0\x9f\x8c\xb1'
22:29:40: Scraping Every Record - b'https://www.facebook.com/liselott.blixt'
22:29:44: Not Posts page
22:30:26: PostURL https://www.facebook.com/liselott.blixt/posts/10220079568361637?__xts__%5B0%5D=68.ARDtUkrbR75p-7KVvHO83scYPj_bCwzV55n8YeQM3CSdzKDpfQwCdBczbihWNhPe9-rRxaECLhhi2k00PovAEZCujLcfAPCKarce7joWg3g74W61FByMa3bf8eCStaLRCsG-CEeMruISQYeBQQDNvcVkgsYjPXTdF6bGlGKWGVjBGKNG5piN2z88IQPPcuSegTDozIJ74hx_ogH0fjUnTy9SdzNic2btTV2DMNdedmu9gii_fNaX0pdCNZxZEElMdNqhNA&__tn__=-R
22:30:26: Post Date b'12/13/19, 11:36 AM'
22:30:26: Post Content: b'Sidste dag i Madrid, kommer desv\xc3\xa6rre for sent hjem til at n\xc3\xa5 julefrokosten, s\xc3\xa5 h\xc3\xa5ber mine kollegaer, personale og gamle kollegaer f\xc3\xa5r en god julefrokost.'
22:30:26: Scraping Every Record - b'https://www.facebook.com/mads.fuglede/'
22:30:34: PostURL https://www.facebook.com/mads.fuglede/posts/2447970985473216
22:30:34: Post Date b'12/4/19, 2:36 AM'
22:30:34: Post Content: b'\xe2\x80\x9cI de sidste to \xc3\xa5rhundreder har en gennemsnitlig svensker eller taiwaner oplevet, at de varer og produkter, der er i deres liv, er steget med en faktor 30 eller faktor 100. Alts\xc3\xa5 ikke en stigning p\xc3\xa5 30 eller 100 procent, men p\xc3\xa5 3.000 eller 10.000 procent. Tallene er et billede p\xc3\xa5 verdens gang, og hvorfor markedskr\xc3\xa6fterne er udgangspunktet for et bedre liv. Mange af de udfordringer, vi st\xc3\xa5r over for i dag, er et produkt af den ekstreme effektivitet, hvormed markedet har p\xc3\xa5virk...'
22:30:34: Scraping Every Record - b'https://www.facebook.com/jensjoel/'
22:30:44: PostURL https://www.facebook.com/jensjoel/posts/2446787202113408
22:30:44: Post Date b'12/19/19, 2:42 PM'
22:30:44: Post Content: b'Finansloven er netop vedtaget. Velf\xc3\xa6rden er l\xc3\xb8ftet markant. Den gr\xc3\xb8nne omstilling er tilbage gear. Julen kan bare komme an - fremad i f\xc3\xa6llesskab!'
22:30:45: Scraping Every Record - b'https://www.facebook.com/HenrikDahlLA/'
22:30:52: PostURL https://www.facebook.com/HenrikDahlLA/posts/1204374713090210
22:30:52: Post Date b'12/26/19, 2:09 PM'
22:30:52: Post Content: b'VENSTREEKSTREMISMENS COMEBACK'
22:30:52: Scraping Every Record - b'https://www.facebook.com/CharlotteBromanMoelbaek/'
22:31:24: PostURL https://www.facebook.com/CharlotteBromanMoelbaek/posts/2666819686728231
22:31:24: Post Date b'11/12/19, 3:08 PM'
22:31:24: Post Content: b'Klimasikring, Seperatkloakering, biogas, affaldsh\xc3\xa5ndtering var de hotte emner ved m\xc3\xb8det med Vandmilj\xc3\xb8 Randers. Vi s\xc3\xa5 hvordan de lige nu laver seperatkloakering p\xc3\xa5 100 meter, hvor regnvand afskilles fra spildevand, s\xc3\xa5ledes at vandet fra nordbyen adskilles og regnvand ledes ned i Guden\xc3\xa5en.'
22:31:24: Scraping Every Record - b'https://www.facebook.com/jenshenrik.thulesendahl'
22:31:28: Not Posts page
22:31:30: PostURL https://www.facebook.com/jenshenrik.thulesendahl/posts/10221209118881313
22:31:30: Post Date b'11/29/19, 3:16 PM'
22:31:30: Post Content: b'S\xc3\xa5 har vi haft debatten om indeklimaet i folkeskolen. Og tak for en god debat. Der var stor opbakning til at der skal g\xc3\xb8res noget - bare ikke helt, som vi havde foresl\xc3\xa5et det - s\xc3\xa5 nu skal jeg have skrevet en s\xc3\xa5kaldt \xe2\x80\x9cberetning\xe2\x80\x9d hvor jeg h\xc3\xa5ber at kunne f\xc3\xa5 et stort flertal til at bakke op om, at KL skal presses p\xc3\xa5 maven for at sikre, at der kommer planer i kommunerne. Vi skal ogs\xc3\xa5 have sikret, at Dansk Center For Undervisningsmilj\xc3\xb8 f\xc3\xa5r bedre muligheder for at kontrollere og kr\xc3\xa6ve, at undervisningsmilj\xc3\xb8et - herunder indeklimaet - er i orden p\xc3\xa5 de enkelte skoler.'
22:31:30: Scraping Every Record - b'https://www.facebook.com/StinusLindgreenRV/'
22:31:43: PostURL https://www.facebook.com/StinusLindgreenRV/posts/1266170926916058
22:31:43: Post Date b'12/7/19, 1:01 AM'
22:31:43: Post Content: b'S\xc3\xa5dan! Der er nu lavet aftale om en klimalov.'
22:31:43: Scraping Every Record - b'http://www.facebook.com/rasmus.nordqvist'
22:31:51: PostURL http://www.facebook.com/rasmus.nordqvist/posts/1277838919090008
22:31:51: Post Date b'12/19/19, 4:55 PM'
22:31:51: Post Content: b'Jeg stiller op som politisk leder for Alternativet'
22:31:51: Scraping Every Record - b'https://www.facebook.com/S%C3%B8ren-Egge-Rasmussen-947582238609972'
22:32:01: PostURL https://www.facebook.com/S%C3%B8ren-Egge-Rasmussen-947582238609972/posts/2898654616836048
22:32:01: Post Date b'12/24/19, 5:12 PM'
22:32:01: Post Content: b'Vintergr\xc3\xb8nk\xc3\xa5l kan anbefales i den \xc3\xb8kologiske og veganske udgave. Tilsat karry og rodfrugter. Jeg spiser det hele vinteren. Godt solhverv til alle - vi g\xc3\xa5r nu mod lysere tider.'
22:32:02: Scraping Every Record - b'https://www.facebook.com/SophieLoehde/'
22:33:05: PostURL https://www.facebook.com/SophieLoehde/posts/2262217517189913
22:33:05: Post Date b'5/26/19, 5:30 PM'
22:33:05: Post Content: b'S\xc3\xa5 har jeg ogs\xc3\xa5 v\xc3\xa6ret nede og stemme p\xc3\xa5 Venstre\xe2\x9c\x8c\xf0\x9f\x8f\xbb\xf0\x9f\x92\x99 Del og like, hvis du ogs\xc3\xa5 vil have et gr\xc3\xb8nnere og mere stabilt Europa!'
22:33:05: Scraping Every Record - b'https://www.facebook.com/jelved'
22:33:34: PostURL https://www.facebook.com/jelved/posts/2329140890462960
22:33:34: Post Date b'6/4/19, 5:02 PM'
22:33:34: Post Content: b'I dag har jeg v\xc3\xa6ret ude og banke p\xc3\xa5 d\xc3\xb8re for at snakke med mennesker om, hvilken retning de \xc3\xb8nsker for Danmark. Heldigvis siger mange, at de \xc3\xb8nsker en gr\xc3\xb8nnere retning med mere hjerte i udl\xc3\xa6ndingepolitikken \xf0\x9f\x85\xb1\xef\xb8\x8f\xf0\x9f\x8d\x80\xf0\x9f\x8c\x8e'
22:33:34: Scraping Every Record - b'https://www.facebook.com/KatarinaAmmitzboll/'
22:33:43: PostURL https://www.facebook.com/KatarinaAmmitzboll/posts/2501320660111418
22:33:43: Post Date b'12/24/19, 2:54 AM'
22:33:43: Post Content: b'Juleroen er ved at s\xc3\xa6nke sig efter et fantastisk begivenhedsrigt \xc3\xa5r, som nyvalgt MF for Konservative for Frederiksberg og Hovedstaden.'
22:33:43: Scraping Every Record - b'https://www.facebook.com/torsten.gejl'
22:33:52: PostURL https://www.facebook.com/torsten.gejl/posts/1532540120230059
22:33:52: Post Date b'12/18/19, 8:48 PM'
22:33:52: Post Content: b'Alternativet har netop f\xc3\xa5et stor ros af finansminister Nicolai Wammen for vores st\xc3\xa6rke gr\xc3\xb8nne aftryk p\xc3\xa5 finansloven.'
22:33:53: Scraping Every Record - b'https://www.facebook.com/julieskovsby'
22:33:56: Not Posts page
22:34:11: PostURL https://www.facebook.com/julieskovsby/posts/10156791294779000
22:34:11: Post Date b'1/9/19, 2:57 PM'
22:34:11: Post Content: b'K\xc3\xa6re regering, ikke noget med et "Lille holt", vi skal videre.'
22:34:11: Scraping Every Record - b'https://www.facebook.com/TrineBramsen/'
22:34:19: PostURL https://www.facebook.com/TrineBramsen/posts/2067007316736304
22:34:19: Post Date b'12/18/19, 8:50 PM'
22:34:19: Post Content: b'Fantastiske finanslov. Og en lang dag i Folketinget. Men det er det v\xc3\xa6rd; vi stemmer om flere h\xc3\xa6nder i daginstitutioner, bedre klima, psykiatri og uddannelser og meget mere der styrker vores velf\xc3\xa6rdssamfund \xf0\x9f\x92\xaa'
22:34:19: Scraping Every Record - b'https://www.facebook.com/lea.wermelin'
22:34:24: Not Posts page
22:34:25: PostURL https://www.facebook.com/photo.php?fbid=10159042167822619&set=a.10150479395952619&type=3&__xts__%5B0%5D=68.ARA4ojHvaS_q9tqC7r0VwmaTdL_8ST1SiWqXX5tqLecZAuGFX3_zKY5_x7aCrtb06xE4_rJ1qIQYW6aNLpyIIJx8j5FlaIFd_1SzC3poKIX2OmdZxXbYC6WbyF4nI7GgRO3uaeeU810jdK9JVEHl4R6O8Go7k87N8dKRNC8zgwIDdUikclfIEtVZ8UXPYoveEAy-jOWbGAEGkBcpdDltQAeSh46RBbKEMZU-1ebo5079TC9o1V2C8TKrUqClgbBTfftH3Q&__tn__=-R
22:34:25: Post Date b'12/20/19, 8:19 PM'
22:34:25: Post Content: b'Fredag og Sailing Home for Christmas\xf0\x9f\x98\x8d\xf0\x9f\x8e\x84\xf0\x9f\x8c\x8a\xf0\x9f\x9b\xb3\xe2\x9d\xa4\xef\xb8\x8f God weekend'
22:34:25: Scraping Every Record - b'https://www.facebook.com/stembrittbager/'
22:34:54: No more posts
22:34:54: Scraping Every Record - b'https://www.facebook.com/ClausHjortFrederiksen/'
22:35:05: No more posts
22:35:05: Scraping Every Record - b'https://www.facebook.com/jan.e.joergensen/'
22:35:17: No more posts
22:35:17: Scraping Every Record - b'https://www.facebook.com/rasmus.prehn/'
22:35:27: PostURL https://www.facebook.com/rasmus.prehn/posts/1317057828486282
22:35:27: Post Date b'12/26/19, 11:58 AM'
22:35:27: Post Content: b'Danmark arbejder for en gr\xc3\xb8n verden med milj\xc3\xb8et i fokus\xf0\x9f\x8c\x8d\xf0\x9f\x8c\xb9\xf0\x9f\x87\xa9\xf0\x9f\x87\xb0 Det har jeg skrevet med milj\xc3\xb8minister Lea Wermelin om i g\xc3\xa5rsdagens Nordjyske!\nL\xc3\xa6s med her\xf0\x9f\xa4\x93'
22:35:27: Scraping Every Record - b'https://www.facebook.com/HalimeSF/'
22:35:36: PostURL https://www.facebook.com/HalimeSF/posts/2598824370231355
22:35:36: Post Date b'12/8/19, 5:19 PM'
22:35:36: Post Content: b'I SF g\xc3\xa5r vi ind for n\xc3\xb8dvendighedens politik, men nok p\xc3\xa5 en anden m\xc3\xa5de, end hvad man almindeligvis forst\xc3\xa5r ved dette begreb.'
22:35:36: Scraping Every Record - b'https://www.facebook.com/DennisFlydtkjaer'
22:35:51: No more posts
22:35:51: Scraping Every Record - b'https://www.facebook.com/kronborg.esbjerg/'
22:36:03: No more posts
22:36:03: Scraping Every Record - b'https://www.facebook.com/danskerhverv/'
22:36:11: PostURL https://www.facebook.com/danskerhverv/posts/2244752688956859
22:36:11: Post Date b'9/2/19, 4:18 PM'
22:36:11: Post Content: b'Var det noget med et klima-kinder\xc3\xa6g?'
22:36:11: Scraping Every Record - b'https://www.facebook.com/MFJesper/'
22:36:19: PostURL https://www.facebook.com/MFJesper/posts/2598568470261777
22:36:19: Post Date b'12/19/19, 2:05 PM'
22:36:19: Post Content: b'Fistbump med finansminister Wammen i folketingssalen i dag. For finansloven er nu stemt igennem - og den nye kurs om prioritering af velf\xc3\xa6rd og gr\xc3\xb8n omstilling tager fart!'
22:36:20: Scraping Every Record - b'https://www.facebook.com/jeppe.bruus'
22:36:28: PostURL https://www.facebook.com/jeppe.bruus/posts/1422527671257224
22:36:28: Post Date b'12/7/19, 5:04 PM'
22:36:28: Post Content: b'\xf0\x9f\x92\xaa\xe2\x98\x98\xef\xb8\x8f\xe2\x9d\xa4\xef\xb8\x8f S\xc3\xa5 fik Danmark vores f\xc3\xb8rste klimalov. Der g\xc3\xb8r Danmark til et af de lande, der g\xc3\xa5r allerforrest for at sikre den gr\xc3\xb8nne omstilling. Og stort set alle partier i Folketinget er med. Utrolig st\xc3\xa6rkt!'
22:36:29: Scraping Every Record - b'https://www.facebook.com/Ckissmeyer/'
22:36:36: PostURL https://www.facebook.com/Ckissmeyer/posts/2547060952280747
22:36:36: Post Date b'11/27/19, 10:56 PM'
22:36:36: Post Content: b'Ugen er nu godt igang.\nMandag bes\xc3\xb8gte jeg staldinventarfabrikken Jyden Bur, hvor jeg b\xc3\xa5de s\xc3\xa5 virksomheden og m\xc3\xb8dte den nordvestjyske erhvervsgruppe, der k\xc3\xa6mper for f\xc3\xa5 lukket motorvejshullerne ved Herning - jeg st\xc3\xb8tter til fulde deres \xc3\xb8nske. Mandag aften Venstrem\xc3\xb8de hjemme i Ikast, hvor vi bl.a. fik den gode historie om ISI (Idr\xc3\xa6tsskolerne i Ikast) og hele sportsmilj\xc3\xb8et i Ikast.'
22:36:37: Scraping Every Record - b'https://www.facebook.com/olebirkolesen'
22:36:42: Not Posts page
22:36:45: no more posts
22:36:45: Scraping Every Record - b'https://www.facebook.com/SorenPapePoulsen/'
22:36:59: No more posts
22:36:59: Scraping Every Record - b'https://www.facebook.com/evakjerhansen/'
22:37:12: No more posts
22:37:12: Scraping Every Record - b'https://www.facebook.com/anni.matthiesen.3'
22:37:16: Not Posts page
22:37:18: no more posts
22:37:18: Scraping Every Record - b'https://www.facebook.com/berlingske/'
22:37:29: No more posts
22:37:29: Scraping Every Record - b'https://www.facebook.com/Kaspersandkjaer'
22:37:33: Not Posts page
22:37:35: no more posts
22:37:35: Scraping Every Record - b'https://www.facebook.com/folketingskandidata'
22:37:44: PostURL https://www.facebook.com/folketingskandidata/posts/2546017605618367
22:37:44: Post Date b'12/10/19, 11:29 PM'
22:37:44: Post Content: b'Danmark er blevet det mest klimaambiti\xc3\xb8se land i Verden\xf0\x9f\x98\x81\xf0\x9f\x98\x81\xf0\x9f\x91\x8d\xf0\x9f\x91\x8d'
22:37:44: Scraping Every Record - b'https://www.facebook.com/1Knuth/'
22:37:58: No more posts
22:37:58: Scraping Every Record - b'https://www.facebook.com/sjurdur.skaale'
22:38:03: Not Posts page
22:38:06: no more posts
22:38:06: Scraping Every Record - b'https://www.facebook.com/stemjacobmark/'
22:38:21: No more posts
22:38:21: Scraping Every Record - b'https://www.facebook.com/phummelgaard/'
22:38:36: No more posts
22:38:36: Scraping Every Record - b'https://www.facebook.com/kaaredybvad/'
22:38:51: No more posts
22:38:51: Scraping Every Record - b'https://www.facebook.com/stembrandenborg/'
22:39:02: PostURL https://www.facebook.com/stembrandenborg/posts/1002878660075879
22:39:02: Post Date b'12/18/19, 11:06 PM'
22:39:02: Post Content: b'Lige om lidt har Danmark en ny finanslov \xf0\x9f\x87\xa9\xf0\x9f\x87\xb0'
22:39:02: Scraping Every Record - b'https://www.facebook.com/ditbt/'
22:39:13: No more posts
22:39:13: Scraping Every Record - b'https://www.facebook.com/stem.anne.valentina/'
22:39:23: PostURL https://www.facebook.com/stem.anne.valentina/posts/2232741170359573
22:39:23: Post Date b'12/2/19, 11:30 AM'
22:39:23: Post Content: b'Frys afgifterne p\xc3\xa5 elbiler fast p\xc3\xa5 2019-niveau indtil, Eldrup-udvalget kommer med deres anbefalinger til en gr\xc3\xb8nnere afgiftsmodel for personbilerne i Danmark, lyder det nu helt uventet fra Venstre, Danmarks Liberale Parti.. \xf0\x9f\x9a\x97\xe2\x99\xbb\xef\xb8\x8f\xe2\x81\x89\xef\xb8\x8f'
22:39:24: Scraping Every Record - b'https://www.facebook.com/hans.skibby/'
22:39:34: No more posts
22:39:34: Scraping Every Record - b'https://www.facebook.com/KHegaard'
22:39:47: No more posts
22:39:47: Scraping Every Record - b'https://www.facebook.com/BentBoegsted'
22:40:00: No more posts
22:40:00: Scraping Every Record - b'https://www.facebook.com/oestergaard/'
22:40:16: No more posts
22:40:16: Scraping Every Record - b'https://www.facebook.com/kristianjensen.venstre/'
22:40:29: No more posts
22:40:29: Scraping Every Record - b'https://www.facebook.com/UffeElbaek/'
22:40:38: PostURL https://www.facebook.com/UffeElbaek/posts/2893014274103018
22:40:38: Post Date b'8/5/19, 10:03 PM'
22:40:38: Post Content: b'K\xc3\xa6re alle venner her p\xc3\xa5 v\xc3\xa6ggen - s\xc3\xa5 er sommerferien overst\xc3\xa5et for mit vedkommende og jeg har haft min f\xc3\xb8rste arbejdsdag tilbage p\xc3\xa5 Christiansborg.'
22:40:39: Scraping Every Record - b'https://www.facebook.com/LarsAslanRasmussen/'
22:40:54: No more posts
22:40:54: Scraping Every Record - b'https://www.facebook.com/kim.valentin.7'
22:40:59: Not Posts page
22:41:01: no more posts
22:41:01: Scraping Every Record - b'https://www.facebook.com/ida.auken/'
22:41:09: PostURL https://www.facebook.com/ida.auken/posts/10157525298377199
22:41:09: Post Date b'12/17/19, 5:06 PM'
22:41:09: Post Content: b'\xc3\x85rets ord i Sverige i 2019 var "kom\xc3\xa6lk". M\xc3\xa6lk i kaffen er med andre ord ikke, hvad det har v\xc3\xa6ret. Flere og flere steder bliver man spurgt, om man \xc3\xb8nsker havrem\xc3\xa6lk, sojam\xc3\xa6lk eller ja... kom\xc3\xa6lk. S\xc3\xa5 kan man som landmand selvf\xc3\xb8lgelig godt s\xc3\xa6tte sig ned og klappe sig p\xc3\xa5 l\xc3\xa5rene af grin over alle de veganertyper, der springer ud i byerne. Men man kunne ogs\xc3\xa5 kigge lidt n\xc3\xa6rmere p\xc3\xa5, hvad det er for en udvikling, der er i gang. USA\'s st\xc3\xb8rste m\xc3\xa6lkeproducent gik konkurs for et par uger si...'
22:41:10: Scraping Every Record - b'https://www.facebook.com/abildgaard.mette/'
22:41:18: PostURL https://www.facebook.com/abildgaard.mette/posts/1448968221938989
22:41:18: Post Date b'12/25/19, 11:19 PM'
22:41:18: Post Content: b'Uhhh, s\xc3\xa5 er det den tid p\xc3\xa5 \xc3\xa5ret igen!'
22:41:18: Scraping Every Record - b'https://www.facebook.com/RosaLund.dk/'
22:41:34: No more posts
22:41:34: Scraping Every Record - b'https://www.facebook.com/stemhalsboe'
22:41:46: PostURL https://www.facebook.com/stemhalsboe/posts/3146014862082140
22:41:46: Post Date b'12/10/19, 3:25 PM'
22:41:46: Post Content: b'Danmark er igen verdensf\xc3\xb8rende #klima'
22:41:46: Scraping Every Record - b'https://www.facebook.com/mortendahlin'
22:42:02: No more posts
22:42:02: Scraping Every Record - b'https://www.facebook.com/Troels.Ravn.A'
22:42:12: PostURL https://www.facebook.com/Troels.Ravn.A/posts/2911709228862464
22:42:12: Post Date b'12/18/19, 2:26 PM'
22:42:12: Post Content: b'Skattelettelse eller velf\xc3\xa6rd\nLige nu p\xc3\xa5 Borgen - debat om Finanslov 2020'
22:42:13: Scraping Every Record - b'https://www.facebook.com/BirgitteBergmanPolitiker/'
22:42:21: PostURL https://www.facebook.com/BirgitteBergmanPolitiker/posts/594837357939494
22:42:21: Post Date b'12/22/19, 9:44 PM'
22:42:21: Post Content: b'Det skal v\xc3\xa6re mere attraktivt at starte som selvst\xc3\xa6ndig \xf0\x9f\x91\x8f'
22:42:22: Scraping Every Record - b'https://www.facebook.com/MetteHjermindDencker'
22:42:34: No more posts
22:42:34: Scraping Every Record - b'https://www.facebook.com/sofiecarstennielsen/'
22:42:51: No more posts
22:42:51: Scraping Every Record - b'https://www.facebook.com/stemperlarsen/'
22:43:04: No more posts
22:43:04: Scraping Every Record - b'https://www.facebook.com/SorenSondergaard.dk/'
22:43:13: PostURL https://www.facebook.com/SorenSondergaard.dk/posts/10156890996811569
22:43:13: Post Date b'12/3/19, 1:32 AM'
22:43:13: Post Content: b'For f\xc3\xb8rste gang i rigtig mange \xc3\xa5r er der indg\xc3\xa5et en finanslov, som tr\xc3\xa6kker i den rigtige retning p\xc3\xa5 mange vigtige omr\xc3\xa5der: klima, velf\xc3\xa6rd, psykiatri, b\xc3\xb8rn, uddannelse .. og kamp mod social dumping. Som gammel kulturordf\xc3\xb8rer er jeg ogs\xc3\xa5 rigtig glad for, at de forhadte \xc3\xa5rlige 2%-nedsk\xc3\xa6ringer p\xc3\xa5 kulturomr\xc3\xa5det nu er historie. Selvf\xc3\xb8lgelig er det ikke den finanslov, som Enhedslisten ville have lavet, hvis vi havde haft 90 mandater. Det er kun en begyndelse ... men det er en god begyndelse!'
22:43:13: Scraping Every Record - b'https://www.facebook.com/ullatoernaes/'
22:43:29: No more posts
22:43:29: Scraping Every Record - b'https://www.facebook.com/AlexLiberalAlliance/'
22:43:41: PostURL https://www.facebook.com/AlexLiberalAlliance/posts/1243780439163110
22:43:41: Post Date b'12/17/19, 8:16 PM'
22:43:41: Post Content: b'Stemningen var d\xc3\xa5rlig i dag, da vi fik svar fra finansministeriet om, at samtlige indkomstgrupper bliver fattigere som f\xc3\xb8lge af regeringens finanslov...'
22:43:41: Scraping Every Record - b'https://www.facebook.com/b.laustsen'
22:43:50: PostURL https://www.facebook.com/b.laustsen/posts/2758114154245247
22:43:50: Post Date b'12/23/19, 5:58 PM'
22:43:50: Post Content: b'JULEHILSEN 2019\xf0\x9f\x8e\x84\xf0\x9f\x8e\x84\xf0\x9f\x8e\x84\xf0\x9f\x8e\x84\xf0\x9f\x8e\x84'
22:43:51: Scraping Every Record - b'https://www.facebook.com/mettefrederiksen.dk/'
22:44:04: No more posts
22:44:04: Scraping Every Record - b'https://www.facebook.com/janjohansensocialdemokrat'
22:44:14: PostURL https://www.facebook.com/janjohansensocialdemokrat/posts/2048790798576077
22:44:14: Post Date b'6/8/19, 11:48 AM'
22:44:14: Post Content: b'Ja, jeg er klar til en t\xc3\xb8rn mere i Folketinget. Det var dejligt at v\xc3\xa6re tilbage p\xc3\xa5 borgen i g\xc3\xa5r til det f\xc3\xb8rste m\xc3\xb8de med den nye socialdemokratiske gruppe. Der er nok at tage fat p\xc3\xa5 for en ny regering. Vi skal have stoppet den voksende ulighed i samfundet, lavet en v\xc3\xa6rdig tilbagetr\xc3\xa6kning fra arbejdsmarkedet og s\xc3\xa5 skal vi have gjort noget ved klimaet. Jeg er i hvert fald klar til at hoppe i arbejdst\xc3\xb8jet og tage fat igen.\xf0\x9f\x8c\xb9'
22:44:15: Scraping Every Record - b'https://www.facebook.com/klimaministeriet/'
22:44:25: PostURL https://www.facebook.com/klimaministeriet/posts/2535718110040623
22:44:25: Post Date b'12/19/19, 12:51 AM'
22:44:25: Post Content: b''
22:44:25: Scraping Every Record - b'https://www.facebook.com/LandbrugFoedevarer/'
22:44:36: PostURL https://www.facebook.com/LandbrugFoedevarer/posts/2184929495142146
22:44:36: Post Date b'11/29/19, 6:25 PM'
22:44:36: Post Content: b'Vidste du, at proteiner kan v\xc3\xa6re en gevinst for b\xc3\xa5de milj\xc3\xb8et og klimaet \xf0\x9f\x91\xa9\xe2\x80\x8d\xf0\x9f\x94\xac'
22:44:37: Scraping Every Record - b'https://www.facebook.com/CamFabricius/'
22:44:48: PostURL https://www.facebook.com/CamFabricius/posts/753755958462111
22:44:48: Post Date b'12/11/19, 12:05 AM'
22:44:48: Post Content: b'Skulle vi ikke give Esbjerg og Gr\xc3\xb8nland en h\xc3\xa5nd?\nFor vi har behov for at f\xc3\xa5 fokus p\xc3\xa5, hvordan mennesker med gr\xc3\xb8nlandsk baggrund kan komme i arbejde.\nVi ved, at der desv\xc3\xa6rre er rigtig mange, som st\xc3\xa5r udenfor job og uddannelse.'
22:44:48: Scraping Every Record - b'https://www.facebook.com/ida.auken/'
22:44:56: PostURL https://www.facebook.com/ida.auken/posts/10157525298377199
22:44:56: Post Date b'12/17/19, 5:06 PM'
22:44:56: Post Content: b'\xc3\x85rets ord i Sverige i 2019 var "kom\xc3\xa6lk". M\xc3\xa6lk i kaffen er med andre ord ikke, hvad det har v\xc3\xa6ret. Flere og flere steder bliver man spurgt, om man \xc3\xb8nsker havrem\xc3\xa6lk, sojam\xc3\xa6lk eller ja... kom\xc3\xa6lk. S\xc3\xa5 kan man som landmand selvf\xc3\xb8lgelig godt s\xc3\xa6tte sig ned og klappe sig p\xc3\xa5 l\xc3\xa5rene af grin over alle de veganertyper, der springer ud i byerne. Men man kunne ogs\xc3\xa5 kigge lidt n\xc3\xa6rmere p\xc3\xa5, hvad det er for en udvikling, der er i gang. USA\'s st\xc3\xb8rste m\xc3\xa6lkeproducent gik konkurs for et par uger si...'
22:44:56: Scraping Every Record - b'https://www.facebook.com/Chr.Juhl1'
22:45:09: No more posts
22:45:09: Scraping Every Record - b'https://www.facebook.com/BertelHaarder/'
22:45:21: No more posts
22:45:21: Scraping Every Record - b'https://www.facebook.com/akimatilda'
22:45:36: No more posts
22:45:36: Scraping Every Record - b'https://www.facebook.com/BrigitteKlintskovJerkel/'
22:45:51: No more posts
22:45:51: Scraping Every Record - b'https://www.facebook.com/henrikdamkristensen'
22:46:06: PostURL https://www.facebook.com/henrikdamkristensen/posts/2152858711449903
22:46:06: Post Date b'6/8/19, 12:48 PM'
22:46:06: Post Content: b'S\xc3\xa5 er valget overst\xc3\xa5et, stemmerne er talt op og jeg blev genvalgt - tak!\nNu g\xc3\xa6lder det om, at f\xc3\xa5 en ny regering i Danmark med Mette Frederiksen som statsminister.'
22:46:06: Scraping Every Record - b'https://www.facebook.com/dagbladetinformation/'
22:46:17: PostURL https://www.facebook.com/dagbladetinformation/posts/10159087300567646
22:46:17: Post Date b'12/26/19, 12:00 PM'
22:46:17: Post Content: b''
22:46:18: Scraping Every Record - b'https://www.facebook.com/ThDanielsen/'
22:46:29: PostURL https://www.facebook.com/ThDanielsen/posts/1304969303038171
22:46:29: Post Date b'12/7/19, 1:13 AM'
22:46:29: Post Content: b'Netop f\xc3\xa6rdige med forhandlingerne om en klimalov, som Venstre er meget begejstret for udfaldet af. Nu g\xc3\xa5r turen hjem til Vestjylland \xf0\x9f\x91\x8d\xf0\x9f\x8f\xbb Godnat Danmark \xf0\x9f\x87\xa9\xf0\x9f\x87\xb0'
22:46:29: Scraping Every Record - b'https://www.facebook.com/hansandersen.venstre/'
22:47:11: PostURL https://www.facebook.com/hansandersen.venstre/posts/2592367867507477
22:47:11: Post Date b'11/28/19, 10:59 AM'
22:47:11: Post Content: b'Vi skal have flere gr\xc3\xb8nne biler i Danmark. Vil regeringen handle eller er det hele blot snak. Vi har brug for afgiftsfri elbiler ogs\xc3\xa5 i 2021.'
22:47:11: Scraping Every Record - b'https://www.facebook.com/jakobellemann/'
22:47:39: PostURL https://www.facebook.com/jakobellemann/posts/990793934589845
22:47:39: Post Date b'11/12/19, 3:00 PM'
22:47:39: Post Content: b'Vi skal g\xc3\xb8re meget mere for at nedbringe vores udledning af drivhusgasser. Eller sagt med andre ord: Det haster med den gr\xc3\xb8nne omstilling.'
22:47:39: Scraping Every Record - b'https://www.facebook.com/andreasraaby.steenberg'
22:47:44: Not Posts page
22:48:22: no more posts
22:48:22: Scraping Every Record - b'https://www.facebook.com/maimercado.dk/'
22:48:36: PostURL https://www.facebook.com/maimercado.dk/posts/2730722710324668
22:48:36: Post Date b'11/26/19, 9:37 PM'
22:48:36: Post Content: b'Hvordan blev duelighedsm\xc3\xa6rker hos de gr\xc3\xb8nne pigespejdere lige til usund pr\xc3\xa6stationskultur?'
22:48:37: Scraping Every Record - b'https://www.facebook.com/signe.munk.5'
22:48:43: PostURL https://www.facebook.com/signe.munk.5/posts/1638143269668489
22:48:43: Post Date b'12/19/19, 2:09 PM'
22:48:43: Post Content: b'GreenLab ved Skive modtager st\xc3\xb8tte p\xc3\xa5 80 mio. fra staten til at udvikle l\xc3\xb8sninger til at lagre og omdanne gr\xc3\xb8n str\xc3\xb8m\xf0\x9f\x94\x8c\xf0\x9f\x92\xa1'
22:48:44: Scraping Every Record - b'https://www.facebook.com/louise.elholm/'
22:48:56: PostURL https://www.facebook.com/louise.elholm/posts/2553912174705549
22:48:56: Post Date b'12/5/19, 11:56 AM'
22:48:56: Post Content: b'Socialdemokratiet lemper udl\xc3\xa6ndingepolitikken og s\xc3\xa6tter bremsen for udviklingen af velstand (ved at begr\xc3\xa6nse v\xc3\xa6kstmulighederne for danske virksomheder)'
22:48:57: Scraping Every Record - b'https://www.facebook.com/rasmusstoklund/'
22:49:12: PostURL https://www.facebook.com/rasmusstoklund/posts/2462085190712558
22:49:12: Post Date b'12/10/19, 3:27 PM'
22:49:12: Post Content: b'Den tidligere klimaminister vandt pris som "Dagens Fossil" ved COP21 p\xc3\xa5 grund af Venstre-regeringens bagstr\xc3\xa6beriske holdning til det gr\xc3\xb8nne. I disse dage er holdningen heldigvis en anden ved COP25 i Madrid, hvor Danmark har modtaget prisen som "Dagens Solstr\xc3\xa5le".'
22:49:12: Scraping Every Record - b'https://www.facebook.com/annehonoreoestergaard'
22:50:16: PostURL https://www.facebook.com/annehonoreoestergaard/posts/2093650364275862
22:50:16: Post Date b'7/13/19, 8:07 PM'
22:50:16: Post Content: b'Dansk er bedre\nVed The Tall Ships Races i Aalborg satte Agri Nord alle sejl til for at g\xc3\xb8re politikere og forbrugere opm\xc3\xa6rksomme p\xc3\xa5, at danske landm\xc3\xa6nd er nogle af verdens bedste. Og jeg er ikke uenig. Det g\xc3\xa6lder b\xc3\xa5de f\xc3\xb8devarekvalitet, klimavenlighed og gode vilk\xc3\xa5r for naturen.\nSamtidig skal man huske p\xc3\xa5, at hvis dansk landbrug lukker, flytter produktionen et andet sted hen, hvor klimabelastningen er langt st\xc3\xb8rre, og samtidig mister Danmark b\xc3\xa5de arbejdspladser og eksportindt\xc3\xa6...'
22:50:16: Scraping Every Record - b'https://www.facebook.com/karinalorentzendehnhardt/'
22:50:32: PostURL https://www.facebook.com/karinalorentzendehnhardt/posts/2652814601422815
22:50:32: Post Date b'12/14/19, 5:27 PM'
22:50:32: Post Content: b'PLANT ET GRATIS JULETR\xc3\x86\nVI fr\xc3\xb8s, og det var v\xc3\xa5dt. Men folk i g\xc3\xa5gaden tog godt imod vores sm\xc3\xa5 grantr\xc3\xa6er, som vi delte ud i anledning af, at vi har f\xc3\xa5et en klimalov. Tr\xc3\xa6erne kan plantes ud i haven, og p\xc3\xa5 den m\xc3\xa5de f\xc3\xa5r vi plantet erstatningstr\xc3\xa6er for nogle af de juletr\xc3\xa6er, der hvert \xc3\xa5r f\xc3\xa6ldes. Det er godt for klimaet og naturen.'
22:50:32: Scraping Every Record - b'https://www.facebook.com/heidibank.dk/'
22:50:41: PostURL https://www.facebook.com/heidibank.dk/posts/2575076116044428
22:50:41: Post Date b'10/9/19, 12:35 AM'
22:50:41: Post Content: b'I dag fik jeg overst\xc3\xa5et min jomfrutale, det kaldes det, fra Folketingets talerstol. De to Lovforslag der var til 1. behandling var L12 \xc3\x86ndring af lov om almene boliger, hvor der \xc3\xa5bnes for at nybyggeri opf\xc3\xb8rt i samarbejde med private, og L13 Lov om \xc3\xa6ndring af byggeloven der kort fortalt handler om den gr\xc3\xb8nne omstilling s\xc3\xa5 ejd. bliver mere energieffektive og der skal etableres langt flere ladestandere end i dag.'
22:50:41: Scraping Every Record - b'https://www.facebook.com/ElleniFolketinget/'
22:50:59: PostURL https://www.facebook.com/ElleniFolketinget/posts/2320370334713774
22:50:59: Post Date b'6/3/19, 6:55 PM'
22:50:59: Post Content: b'Fandt en firkl\xc3\xb8ver p\xc3\xa5 marken da milj\xc3\xb8 og f\xc3\xb8devareminister Jakob Ellemann-Jensen tidligere i dag indviede s\xc3\xb8nderjyllands f\xc3\xb8rste mini v\xc3\xa5domr\xc3\xa5de. H\xc3\xa5ber den bringer held til resten af valgkampen\xf0\x9f\x8d\x80'
22:50:59: Scraping Every Record - b'https://www.facebook.com/stemtesfaye/'
22:51:09: No more posts
22:51:09: Scraping Every Record - b'https://www.facebook.com/flemmingmoellermortensen'
22:51:16: Not Posts page
22:51:19: no more posts
22:51:19: Scraping Every Record - b'https://www.facebook.com/christofferaagaardmelson/'
22:51:29: PostURL https://www.facebook.com/christofferaagaardmelson/posts/2763584703696330
22:51:29: Post Date b'12/21/19, 8:17 PM'
22:51:29: Post Content: b''
22:51:29: Scraping Every Record - b'https://www.facebook.com/sikandar.alternativet'
22:51:34: Not Posts page
22:51:37: no more posts
22:51:37: Scraping Every Record - b'https://www.facebook.com/thomasjensensilkeborg'
22:51:47: No more posts
22:51:47: Scraping Every Record - b'https://www.facebook.com/IngerStojberg/'
22:52:02: No more posts
22:52:02: Scraping Every Record - b'https://www.facebook.com/stemlauritzen/'
22:52:36: PostURL https://www.facebook.com/stemlauritzen/posts/2370730516535749
22:52:36: Post Date b'6/4/19, 8:25 PM'
22:52:36: Post Content: b'S\xc3\xa5 er den den nordjyske afslutningsdebat p\xc3\xa5 TV2 Nord igang! F\xc3\xb8lg med p\xc3\xa5 TV2 eller Salto, eller TV2 Nords facebookside! \xf0\x9f\x92\xaa'
22:52:36: Scraping Every Record - b'https://www.facebook.com/tschackpedersen/'
22:52:57: PostURL https://www.facebook.com/tschackpedersen/posts/1789052008061030
22:52:57: Post Date b'11/1/19, 10:12 PM'
22:52:57: Post Content: b'Nu g\xc3\xa5r klimaforhandlingerne i gang. For Venstre handler det om at sikre reelle l\xc3\xb8sninger og forbedringer. At eksportere arbejdspladser, velstand og CO2 fra Danmark til andre lande l\xc3\xb8ser jo ingen globale problemer.'
22:52:57: Scraping Every Record - b'https://www.facebook.com/LBMathiesen/'
22:53:30: PostURL https://www.facebook.com/LBMathiesen/posts/2119206814849122
22:53:30: Post Date b'12/9/19, 2:31 PM'
22:53:30: Post Content: b''
22:53:30: Scraping Every Record - b'https://www.facebook.com/jensrohdedk/'
22:53:56: PostURL https://www.facebook.com/jensrohdedk/posts/2566106850142417
22:53:56: Post Date b'11/8/19, 10:04 AM'
22:53:56: Post Content: b'For 30 \xc3\xa5r siden s\xc3\xa5 det s\xc3\xa5dan ud i \xc3\x98stberlin. Med mur og de karakteristiske gr\xc3\xb8nne/lysgr\xc3\xb8nne DDR-tog og trabi lastbiler.\nJeg kan godt lide historie, s\xc3\xa5 her er et foto af min lille togbane med \xc3\xb8sttysk tog og mur!\nFor en halvtysker med mange DDR stempler i passet er disse d\xc3\xb8gn mellem den 8. og 9. og 10 november med demonstrationernes kulmination videre til Schabowskis meddelelse om rejsefrihed og gennebruddet af muren i november altid noget s\xc3\xa6rligt. Og nu er det 30 \xc3\xa5r siden, at muren faldt. Jeg n\xc3\xa5ede som EF-radioreporter at lave interview med den sidste leder i DDR, Egon Krenz. Sendt p\xc3\xa5 Radio Viborg.\nM\xc3\xa5ske jeg bare skulle lade toget brage gennem muren!'
22:53:56: Scraping Every Record - b'https://www.facebook.com/danskindustri/'
22:54:04: PostURL https://www.facebook.com/danskindustri/posts/2623208374398990
22:54:04: Post Date b'12/20/19, 4:42 PM'
22:54:04: Post Content: b'Klimapartnerskaberne er Danmarkshistoriens st\xc3\xb8rste klimabrainstorm\xf0\x9f\x8c\x8f\xf0\x9f\x92\xaa Her er 3 konkrete forslag fra virksomheder, der bidrager til partnerskabet for service, it og r\xc3\xa5dgivning\xf0\x9f\x91\x87'
22:54:04: Scraping Every Record - b'https://www.facebook.com/larsloekke'
22:54:40: PostURL https://www.facebook.com/larsloekke/posts/10157481819983788
22:54:40: Post Date b'9/29/19, 4:03 PM'
22:54:40: Post Content: b'Som du m\xc3\xa5ske har h\xc3\xb8rt, har S\xc3\xb3lrun valgt at bruge "vores nye situation" til at s\xc3\xa6tte liv i en gammel dr\xc3\xb8m om at lave sm\xc3\xa5 grupperejser til F\xc3\xa6r\xc3\xb8erne, som b\xc3\xa5de hun og jeg holder s\xc3\xa5 meget af. Hendes f\xc3\xb8rste rejse er allerede p\xc3\xa5 fredag, og hun har nu programsat fire rejser i for\xc3\xa5ret 2020.'
22:54:41: Scraping Every Record - b'https://www.facebook.com/Marlene-Ambo-Rasmussen-759821337497406/'
22:54:53: PostURL https://www.facebook.com/Marlene-Ambo-Rasmussen-759821337497406/posts/2058088647670662
22:54:53: Post Date b'11/8/19, 7:11 PM'
22:54:53: Post Content: b'Har brugt dagen i Kerteminde til Gr\xc3\xb8nt Topm\xc3\xb8de\xf0\x9f\x8c\xbf\xf0\x9f\x94\xa8\xf0\x9f\x94\xac\xf0\x9f\x93\x89\nDog ikke - som billedet m\xc3\xa5ske indikerer i en skov, men p\xc3\xa5 smukke Lundsgaard Gods.\nJeg valgte workshoppen \xe2\x80\x9cb\xc3\xa6redygtigt byggeri\xe2\x80\x9d og det var sp\xc3\xa6ndende at h\xc3\xb8re fra Erhvervslivet - hvordan vi kommer videre med mere b\xc3\xa6redygtighed og med klimapolitikken.\nUden v\xc3\xa6kst-tab og tab af konkurrenceevne.'
22:54:53: Scraping Every Record - b'https://www.facebook.com/zeniastampe/'
22:55:01: PostURL https://www.facebook.com/zeniastampe/posts/3211912932158186
22:55:01: Post Date b'12/16/19, 3:39 PM'
22:55:01: Post Content: b'De fleste har h\xc3\xb8rt om, hvordan afskovningen af Amazonas udg\xc3\xb8r en k\xc3\xa6mpe trussel mod klodens klima og verdens biodiversitet. De fleste ved m\xc3\xa5ske ogs\xc3\xa5, at regnskoven f\xc3\xa6ldes og br\xc3\xa6ndes for at give plads til bl.a. sojaproduktion. Men de f\xc3\xa6rreste ved nok, hvilken rolle dansk landbrug - og navnlig dansk svineproduktionen - spiller i den forbindelse.'
22:55:01: Scraping Every Record - b'https://www.facebook.com/martin.geertsen'
22:55:20: PostURL https://www.facebook.com/martin.geertsen/posts/2503063976437594
22:55:20: Post Date b'11/4/19, 11:01 PM'
22:55:20: Post Content: b'Citat Henrik Palle, Politiken: "Jeg k\xc3\xb8rer p\xc3\xa5 cykel, spiser gr\xc3\xb8nt og smider ikke affald p\xc3\xa5 gaden. Men jeg har ogs\xc3\xa5 en bil, og den vil jeg s\xc3\xa5dan set gerne beholde og have lov til at k\xc3\xb8re i uden at blive chikaneret fra politisk hold."'
22:55:20: Scraping Every Record - b'https://www.facebook.com/rasmus.helveg.petersen'
22:55:27: PostURL https://www.facebook.com/rasmus.helveg.petersen/posts/2521360151519302
22:55:27: Post Date b'12/3/19, 8:47 PM'
22:55:27: Post Content: b'Med finansloven er vi kommet nogle gode skridt p\xc3\xa5 vejen. Det har v\xc3\xa6ret vigtigt for mig, at der g\xc3\xb8res en indsats for at forebygge hjeml\xc3\xb8shed blandt tidligere anbragte unge, som i dag fylder skr\xc3\xa6mmende meget i gruppen af unge hjeml\xc3\xb8se. Med finansloven har vi sat 25 millioner kroner af til indsatser, som kan hj\xc3\xa6lpe tidligere anbragte unge videre til egen bolig.'
22:55:27: Scraping Every Record - b'https://www.facebook.com/Lise.Bech.DF'
22:56:00: PostURL https://www.facebook.com/Lise.Bech.DF/posts/2866907003331303
22:56:00: Post Date b'11/25/19, 10:57 PM'
22:56:00: Post Content: b'Jeg har i dag bes\xc3\xb8gt Danmarks f\xc3\xb8rste gr\xc3\xa6sm\xc3\xa6lksproducent Torsten Wetche i Fars\xc3\xb8. Hans k\xc3\xb8er f\xc3\xa5r kun gr\xc3\xa6s og det pudsige er, at de nu giver mere m\xc3\xa6lk end f\xc3\xb8r. \xf0\x9f\x90\x82\xf0\x9f\x90\x84 Det var Mejeriforeningen der havde inviteret kommende landm\xc3\xa6nd fra Nordjyllands Landbrugsskole og undertegnede til udveksling af viden, den gr\xc3\xb8nne omstilling af mejerisektoren og debat.'
22:56:00: Scraping Every Record - b'https://www.facebook.com/peter.juel.jensen'
22:56:04: Not Posts page
22:56:09: PostURL https://www.facebook.com/peter.juel.jensen/posts/10222042905560352
22:56:09: Post Date b'12/20/19, 2:01 PM'
22:56:09: Post Content: b'Marie Bjerre, (V), p\xc3\xa5 talerstolen for at sl\xc3\xa5 et slag for en \xc3\xa6gte gr\xc3\xb8n omstilling. Regeringen og st\xc3\xb8ttepartier har indf\xc3\xb8rt en forh\xc3\xb8jet afgift p\xc3\xa5 b\xc3\xa6reposer og engangsservice efter v\xc3\xa6gt \xe2\x80\x93 det betyder at alternative l\xc3\xb8sninger som bionedbrydelig l\xc3\xb8sninger og genbrug af f.eks. plast ikke kan betale sig.'
22:56:09: Scraping Every Record - b'https://www.facebook.com/janeheitmannV/'
22:56:27: PostURL https://www.facebook.com/janeheitmannV/posts/950570155276192
22:56:27: Post Date b'10/10/19, 1:35 PM'
22:56:27: Post Content: b'Klar i Folketingssalen til 1. beh af anl\xc3\xa6gslov om ny jernbane over Vestfyn. Fint med ny Jernbane - men den m\xc3\xa5 ikke tilsides\xc3\xa6tte udvidelsen af fynske E20'
22:56:27: Scraping Every Record - b'https://www.facebook.com/christiansborg'
22:56:31: Not Posts page
22:56:37: PostURL https://www.facebook.com/photo.php?fbid=2756019284462143&set=a.584693224928104&type=3
22:56:37: Post Date b'10/1/19, 3:25 PM'
22:56:37: Post Content: b'Eg fegnist um, at fors\xc3\xa6tisr\xc3\xa1\xc3\xb0harrin \xc3\xad setanarr\xc3\xb8\xc3\xb0uni bo\xc3\xb0a\xc3\xb0i fr\xc3\xa1, at danska stj\xc3\xb3rnin vil br\xc3\xbaka 1 milliard kr\xc3\xb3nur til gr\xc3\xb8na gransking n\xc3\xa6sta \xc3\xa1r. Eisini leg\xc3\xb0i hon st\xc3\xb3ran dent \xc3\xa1 samstarv vi\xc3\xb0 n\xc3\xbdggja landsst\xc3\xbdri og \xc3\xad R\xc3\xadkisfelagsskapinum yvirh\xc3\xb8vur:'
22:56:37: Scraping Every Record - b'https://www.facebook.com/rasmusjarlov'
22:56:41: Not Posts page
22:56:49: PostURL https://www.facebook.com/rasmusjarlov/posts/10157806576905682?__xts__%5B0%5D=68.ARD4j9GWeZj_rjSkgl2afe7iXdyRNvvOV_2kbBs_ZitCtE5OzLyJh7jjCN4OV9dq9NrHVLqQV4q9K7MOjJe7NaJU8JmwKP3xTb7-x0P4Oeq6eIMO6YKqmgaHsxKF1nBkZSqeZLwezWP6qODuOWVmo5ZNyt76MDz5Cz94_Ty8LPh0dxO64Zvy18kBa_vjtRiI04GlggO_QU3CYEii71_lmeMNEFXbBRfNPcFaGxgnwqSB49yIYR7z1hQdQd_8-thmCl--mWkrW5d1KVO6vAFnEQVMQ9Ozohv_c-44VZPkFAg_uz9hh4T_ti2r6oIo0F9nF8E1GaZIlKfzPJYRwlP7icxrsSM52J0&__tn__=-R
22:56:49: Post Date b'12/7/19, 12:48 AM'
22:56:49: Post Content: b'Landm\xc3\xa6ndene er vrede. Og selvom jeg vist nok stadig er ret upopul\xc3\xa6r i landbrugskredse, fordi jeg satte mig p\xc3\xa5 tv\xc3\xa6rs for at sikre, at vandmilj\xc3\xb8et blev behandlet ordentligt i forbindelse med slaget om landbrugspakken, kan jeg faktisk godt forst\xc3\xa5 dem.'
22:56:50: Scraping Every Record - b'https://www.facebook.com/borsen.dk/'
22:56:59: PostURL https://www.facebook.com/borsen.dk/posts/2925517584139550
22:56:59: Post Date b'12/23/19, 8:00 PM'
22:56:59: Post Content: b''
22:56:59: Scraping Every Record - b'https://www.facebook.com/lotterod/'
22:57:07: PostURL https://www.facebook.com/lotterod/posts/2685877598132940
22:57:07: Post Date b'11/29/19, 9:23 PM'
22:57:07: Post Content: b'Klimademo. Jeg kigger ned i barnevognen og t\xc3\xa6nker: Kommer hun til at sk\xc3\xa6lde ud over, at vi ikke gjorde nok? Eller kommer hun til at blive taknemmelig for, at vi tog opgaven p\xc3\xa5 os, mens vi kunne? Det ved vi stadig ikke. Jeg kan ikke se mig fri for at blive overv\xc3\xa6ldet over, at vi st\xc3\xa5r med det ansvar nu. Og s\xc3\xa5 bliver jeg taknemmelig over at have folk som Ida, der aldrig giver op.'
22:57:07: Scraping Every Record - b'https://www.facebook.com/PrebenBangHenriksen/'
22:59:00: Posts > 100
22:59:00: Scraping Every Record - b'https://www.facebook.com/nicolaiwammen/'
22:59:07: PostURL https://www.facebook.com/nicolaiwammen/posts/2506687259604675
22:59:07: Post Date b'12/3/19, 5:45 PM'
22:59:07: Post Content: b'Hilser p\xc3\xa5 seje unge der trodser regnen for at kr\xc3\xa6ve klimahandling af os politikere. Og jeg er stolt over at kunne fort\xc3\xa6lle, at finansloven for 2020 et vigtigt skridt i den retning:\nEn gr\xc3\xb8n fremtidsfond p\xc3\xa5 25 mia. kr. der skal investere i nye, gr\xc3\xb8nne l\xc3\xb8sninger og teknologier, s\xc3\xa5 vi kan n\xc3\xa5 vores ambiti\xc3\xb8se klimam\xc3\xa5l \xe2\x80\x93 og skabe gode jobs samtidig. Udtagning af landbrugsjord, s\xc3\xa5 vi reducerer udslip af klimagasser. Mere ur\xc3\xb8rt skov. Forh\xc3\xb8jet klimabistand og 1 milliard til gr\xc3\xb8n forskning.\nVi ved godt, vi ikke i m\xc3\xa5l med denne finanslov. Men vi har taget et meget vigtigt skridt. Del gerne hvis du er enig \xf0\x9f\x98\x8a'
22:59:08: Scraping Every Record - b'https://www.facebook.com/OrlaOsterbyIFolketinget'
22:59:14: PostURL https://www.facebook.com/OrlaOsterbyIFolketinget/posts/1362210363950821
22:59:14: Post Date b'12/12/19, 2:53 PM'
22:59:14: Post Content: b'V\xc3\xa6kst og arbejdspladser er foruds\xc3\xa6tningen for vores b\xc3\xb8rns fremtid!'
22:59:14: Scraping Every Record - b'https://www.facebook.com/rasmuslanghoff.dk'
22:59:27: PostURL https://www.facebook.com/rasmuslanghoff.dk/posts/2809328289126111
22:59:27: Post Date b'12/3/19, 1:39 AM'
22:59:27: Post Content: b'VELF\xc3\x86RDENS FINANSLOV \xf0\x9f\x8c\xb9'
22:59:28: Scraping Every Record - b'https://www.facebook.com/karen.ellemann/'
22:59:58: PostURL https://www.facebook.com/karen.ellemann/posts/2617370008292347
22:59:58: Post Date b'6/2/19, 7:43 PM'
22:59:58: Post Content: b'At v\xc3\xa6re politiker kr\xc3\xa6ver tid og omtanke. Det har jeg valgt at berette om i en lille valgavis, som i disse dage burde lande i din postkasse.'
22:59:59: Scraping Every Record - b'https://www.facebook.com/Annette-Lind-879906758810052'
23:00:38: PostURL https://www.facebook.com/Annette-Lind-879906758810052/posts/1868483859952332
23:00:38: Post Date b'5/30/19, 6:06 PM'
23:00:38: Post Content: b'Vi er n\xc3\xb8dt til at h\xc3\xa6ve ambitionerne omkring klimaet. For fremtidens skyld.'
23:00:38: Scraping Every Record - b'https://www.facebook.com/CarlValentinSF/'
23:00:45: PostURL https://www.facebook.com/CarlValentinSF/posts/1381706112010946
23:00:45: Post Date b'12/10/19, 7:26 PM'
23:00:45: Post Content: b'Hvad skete der med sagen om megaafgiften p\xc3\xa5 plantebaseret kakaodrik?'
23:00:46: Scraping Every Record - b'https://www.facebook.com/birgitte.vind.1/'
23:00:52: PostURL https://www.facebook.com/birgitte.vind.1/posts/571416303426022
23:00:52: Post Date b'12/7/19, 2:01 AM'
23:00:52: Post Content: b'S\xc3\xa5DAN - nu er Danmark igen i den gr\xc3\xb8nne f\xc3\xb8rertr\xc3\xb8je!\nEn klimalov - den f\xc3\xb8rste nogensinde!\nStort tillykke \xf0\x9f\x87\xa9\xf0\x9f\x87\xb0\xf0\x9f\xa4\xb8\xe2\x80\x8d\xe2\x99\x80\xef\xb8\x8f\xf0\x9f\x8c\x8d'
23:00:52: Scraping Every Record - b'https://www.facebook.com/simonkollerup'
23:01:01: PostURL https://www.facebook.com/simonkollerup/posts/2438974802897608
23:01:01: Post Date b'12/3/19, 10:15 PM'
23:01:01: Post Content: b'\xe2\x80\xaaDer var ingen tvivl ved folketingsvalget: Danskerne ville have en ny retning. Og det f\xc3\xa5r vi nu! \xf0\x9f\x8c\xb9 Efter flere \xc3\xa5r med nedsk\xc3\xa6ringer efter nedsk\xc3\xa6ringer er det nu tid til at vende udviklingen. Nu prioriterer vi vores b\xc3\xb8rn, hospitalerne, uddannelserne, psykiatrien, folkeskolen og de \xc3\xa6ldre.'
23:01:01: Scraping Every Record - b'https://www.facebook.com/socialdemokratietihelsingor.dk/'
23:01:15: PostURL https://www.facebook.com/socialdemokratietihelsingor.dk/posts/371311810173668
23:01:15: Post Date b'6/1/19, 5:39 PM'
23:01:15: Post Content: b'https://www.facebook.com/414048915331046/posts/2182858165116770?sfns=mo'
23:01:15: Scraping Every Record - b'https://www.facebook.com/danjorgensen/'
23:01:23: PostURL https://www.facebook.com/danjorgensen/posts/10156495576430836
23:01:23: Post Date b'12/18/19, 5:04 PM'
23:01:23: Post Content: b'Go Denmark!'
23:01:23: Scraping Every Record - b'https://www.facebook.com/karstenhoenge'
23:01:30: PostURL https://www.facebook.com/karstenhoenge/posts/3395029583904823
23:01:30: Post Date b'12/24/19, 1:13 AM'
23:01:30: Post Content: b'USA\xe2\x80\x99s ambassad\xc3\xb8r i Danmark, Carla Sands, g\xc3\xa5r langt ud over gr\xc3\xa6nserne for diplomatisk opf\xc3\xb8rsel.\nB\xc3\xa5de form og indhold er som Trump i forkl\xc3\xa6dning.\nDen vigtigste oprustning og kamp i Arktis skal ikke v\xc3\xa6re milit\xc3\xa6r, men mod klimaforandringerne.'
23:01:30: Scraping Every Record - b'https://www.facebook.com/nickhaekkerup/'
23:01:43: PostURL https://www.facebook.com/nickhaekkerup/posts/2452719014746336
23:01:43: Post Date b'5/29/19, 2:42 PM'
23:01:43: Post Content: b'CO2-udledningen i Danmark steg sidste \xc3\xa5r. P\xc3\xa5 trods af alle advarsler og viden om klimaforandringerne.\nOrd er ikke nok \xe2\x80\x93 der er brug for handling. Nu. Og vi skal s\xc3\xa6tte tempo p\xc3\xa5.'
23:01:44: Scraping Every Record - b'https://www.facebook.com/BennyEngelbrecht/'
23:01:52: PostURL https://www.facebook.com/BennyEngelbrecht/posts/2873413442668959
23:01:52: Post Date b'12/14/19, 7:52 PM'
23:01:52: Post Content: b'\xe2\x80\xaaDanmark har sat en gr\xc3\xb8n kurs, ogs\xc3\xa5 n\xc3\xa5r det handler om f\xc3\xa6rger. For nylig var jeg med f\xc3\xa6rgen Ellen fra Fynshav til S\xc3\xb8by og i g\xc3\xa5r var jeg med den retro-fittede elf\xc3\xa6rge fra Helsing\xc3\xb8r til Helsingborg. Der er stort potentiale i flere gr\xc3\xb8nne f\xc3\xa6rgel\xc3\xb8sninger i Danmark. Vi er jo - n\xc3\xa5r alt kommer til alt - en s\xc3\xb8fartsnation.'
23:01:52: Scraping Every Record - b'https://www.facebook.com/MortenMesserschmidt/'
23:02:07: PostURL https://www.facebook.com/MortenMesserschmidt/posts/2893791984021692
23:02:07: Post Date b'11/11/19, 1:06 PM'
23:02:07: Post Content: b'"Albus Dumbledore, rektor p\xc3\xa5 kostskolen Hogwarts i Harry Potter-universet, og Mickey Mouse h\xc3\xb8rer n\xc3\xa6ppe til blandt klodens fremmeste klimaforskere"...'
23:02:08: Scraping Every Record - b'https://www.facebook.com/niels.f.hansen.7'
23:02:11: Not Posts page
23:02:15: PostURL https://www.facebook.com/niels.f.hansen.7/posts/10219287851805285
23:02:15: Post Date b'9/17/19, 10:11 AM'
23:02:15: Post Content: b'Man beh\xc3\xb8ver ikke at v\xc3\xa6re p\xc3\xa5 r\xc3\xb8d stue, for at holde af klimaet. Vi var der i 2014, og er der stadig. der er 2 veje mod klimaforandringer: Mindsk v\xc3\xa6ksten og indskr\xc3\xa6nk den personlige frihed ELLER via reformer, vedvarende energi og skattelettelser. Vi st\xc3\xb8tter 70%-m\xc3\xa5ls\xc3\xa6tningen og kr\xc3\xa6ver det IKKE koster arbejdspladser og \xc3\xb8delagt v\xc3\xa6kst.'
23:02:15: Scraping Every Record - b'https://www.facebook.com/VictoriaRisbjergVelasquez/'
23:02:24: PostURL https://www.facebook.com/VictoriaRisbjergVelasquez/posts/1524534494352255
23:02:24: Post Date b'12/26/19, 9:42 PM'
23:02:24: Post Content: b'Godaften allesammen.'
23:02:25: Scraping Every Record - b'https://www.facebook.com/pernillerosenkrantz/'
23:02:32: PostURL https://www.facebook.com/pernillerosenkrantz/posts/10159228677051038
23:02:32: Post Date b'12/7/19, 2:37 AM'
23:02:32: Post Content: b'Dagens bedste nyhed: Bred aftale om klimalov p\xc3\xa5 plads \xf0\x9f\x8d\x80\xf0\x9f\x8c\xbf'
23:02:33: Scraping Every Record - b'https://www.facebook.com/skaarupdf/'
23:03:11: PostURL https://www.facebook.com/skaarupdf/posts/2682009118518849
23:03:11: Post Date b'12/4/19, 2:26 PM'
23:03:11: Post Content: b'Set med Dansk Folkepartis \xc3\xb8jne, s\xc3\xa5 er det en stor lempelse af udl\xc3\xa6ndingepolitikken, at S-regeringen ikke vil hjemsende migranter, blot de har arbejdet i kort tid. De b\xc3\xb8r stadig hj\xc3\xa6lpes hjem, s\xc3\xa5 de kan genopbygge deres oprindelseslande. Danmark skal ikke g\xc3\xb8res p\xc3\xa5 den m\xc3\xa5de til et indvandringsland for alle og enhver, der har arbejdet her et stykke tid. Er du enig?'
23:03:11: Scraping Every Record - b'https://www.facebook.com/JuulMona/'
23:03:24: PostURL https://www.facebook.com/JuulMona/posts/2377735489209244
23:03:24: Post Date b'12/7/19, 12:21 PM'
23:03:24: Post Content: b'Det blev en gr\xc3\xb8n jul \xf0\x9f\x99\x8f'
23:03:25: Scraping Every Record - b'https://www.facebook.com/katrinerobsoe/'
23:03:32: PostURL https://www.facebook.com/katrinerobsoe/posts/2592486637639456
23:03:32: Post Date b'12/4/19, 3:59 PM'
23:03:32: Post Content: b'Vi opretter en gr\xc3\xb8n fremtidsfond\xf0\x9f\x8c\x8d'
23:03:33: Scraping Every Record - b'https://www.facebook.com/danieltoftjakobsen'
23:03:46: PostURL https://www.facebook.com/danieltoftjakobsen/posts/2360228277549952
23:03:46: Post Date b'9/6/19, 9:56 AM'
23:03:46: Post Content: b'Gode nyheder til folket :)'
23:03:46: Scraping Every Record - b'https://www.facebook.com/martin.lidegaard/'
23:03:54: PostURL https://www.facebook.com/martin.lidegaard/posts/2513731012013916
23:03:54: Post Date b'12/17/19, 3:57 PM'
23:03:54: Post Content: b'\xc3\x85rets klimatopm\xc3\xb8de i Madrid var et svigt.\nOver for vores b\xc3\xb8rn.\nOver for verdens fattigste.\nOver for os selv.\nMen som flere aviser er inde p\xc3\xa5 i dag, kan resultatet s\xc3\xa5dan set ikke undre. Desv\xc3\xa6rre....'
23:03:54: Scraping Every Record - b'https://www.facebook.com/nielsthdahl'
23:03:57: Not Posts page
23:06:36: Posts > 100
23:06:36: Scraping Every Record - b'https://www.facebook.com/susanne.zimmer.alternativet/'
23:06:50: PostURL https://www.facebook.com/susanne.zimmer.alternativet/posts/988146861563331
23:06:50: Post Date b'12/12/19, 2:31 PM'
23:06:50: Post Content: b''
23:06:51: Scraping Every Record - b'https://www.facebook.com/peder.hvelplund'
23:06:55: Not Posts page
23:06:59: PostURL https://www.facebook.com/peder.hvelplund/posts/10157704575353290
23:06:59: Post Date b'12/7/19, 12:50 AM'
23:06:59: Post Content: b'Det lykkedes!'
23:06:59: Scraping Every Record - b'https://www.facebook.com/erling.bonnesen/'
23:07:06: PostURL https://www.facebook.com/erling.bonnesen/posts/1409311875912817
23:07:06: Post Date b'12/20/19, 3:37 PM'
23:07:06: Post Content: b'Danmark er verdensmestre i gr\xc3\xa6sfr\xc3\xb8 \xf0\x9f\x91\x8d\xf0\x9f\x98\x80\xe2\x9a\xbd\xef\xb8\x8f\nTil sommer deltager Danmark i EM i fodbold. Det ligger m\xc3\xa5ske ikke lige til h\xc3\xb8jrebenet, at Danmark gentager triumfen fra 1992, men til geng\xc3\xa6ld har vi allerede hevet et andet verdensmesterskab p\xc3\xa5 gr\xc3\xb8nsv\xc3\xa6ren hjem, nemlig den uofficielle titel som verdensmester i gr\xc3\xa6sfr\xc3\xb8.\nI n\xc3\xa6sten stilhed er eksport af fr\xc3\xb8 blevet en k\xc3\xa6mpe forretning for Danmark. Vi eksporterer for over to mia. kroner om \xc3\xa5ret. P\xc3\xa5 mange af de store stadioner rundt omkring i ...'
23:07:06: Scraping Every Record - b'https://www.facebook.com/ReneChristensenDF'
23:07:27: PostURL https://www.facebook.com/ReneChristensenDF/posts/520265635463319
23:07:27: Post Date b'11/2/19, 12:27 PM'
23:07:27: Post Content: b'Ja.....hvis vi skal bruge gr\xc3\xb8n energi til alt, s\xc3\xa5 bliver vi n\xc3\xb8d til at forske og indf\xc3\xb8re nye teknologier. Det kr\xc3\xa6ver finansiering og her er vores bud. Hvor vil Socialdemokraterne og de andre r\xc3\xb8de finde dem?'
23:07:27: Scraping Every Record - b'https://www.facebook.com/pia.olsen.dyhr/'
23:07:34: PostURL https://www.facebook.com/pia.olsen.dyhr/posts/10157607711711480
23:07:34: Post Date b'12/24/19, 2:00 PM'
23:07:34: Post Content: b'Sikke et \xc3\xa5r!'
23:07:35: Scraping Every Record - b'https://www.facebook.com/lisbethbechpoulsen/'
23:07:42: PostURL https://www.facebook.com/lisbethbechpoulsen/posts/2418620195074622
23:07:42: Post Date b'12/7/19, 6:59 PM'
23:07:42: Post Content: b'Sikke en uge. Vi startede med en r\xc3\xb8d-gr\xc3\xb8n finanslov mandag og sluttede af med en klimalov sent fredag aften. Jeg er glad. \xf0\x9f\x92\x9a\xf0\x9f\x8c\xb3\xf0\x9f\x90\x9b\xf0\x9f\x90\xa2\xf0\x9f\xa6\x8e\xf0\x9f\x8c\xbf\nGodt g\xc3\xa5et af stort set alle partierne, af Pia Olsen Dyhr og vores klimaordf\xc3\xb8rer Signe Munk!'
23:07:43: Scraping Every Record - b'https://www.facebook.com/pernille.skipper.5/'
23:07:59: PostURL https://www.facebook.com/pernille.skipper.5/posts/3043205762380428
23:07:59: Post Date b'12/7/19, 12:52 AM'
23:07:59: Post Content: b'Nu har Danmark snart en af verdens mest ambiti\xc3\xb8se klimalove, og nu er det slut med at sige til ungdommen, at der er noget, der ikke kan lade sig g\xc3\xb8re. For et \xc3\xa5r siden var det to partier i Folketinget, der snakkede om 70% reduktion senest i 2030. Nu er et gigantisk flertal bag en bindende klimalov, med bindende delm\xc3\xa5l og social balance. Det er intet mindre end historisk. Tillykke til jer\xf0\x9f\x92\x9a'
23:07:59: Scraping Every Record - b'https://www.facebook.com/jyllandsposten/'
23:08:05: PostURL https://www.facebook.com/jyllandsposten/posts/10157164378057683
23:08:05: Post Date b'12/26/19, 11:04 PM'
23:08:05: Post Content: b''
23:08:06: Scraping Every Record - b'https://www.facebook.com/StemMalteLarsen'
23:08:13: PostURL https://www.facebook.com/StemMalteLarsen/posts/2739787529437399
23:08:13: Post Date b'12/6/19, 1:31 PM'
23:08:13: Post Content: b'Penge til og uddannelse af yderligere 1000 sygeplejersker. Det kommer til at tage noget tid, men retningen er klar - vores sygehuse skal have bedre vilk\xc3\xa5r.'
23:08:13: Scraping Every Record - b'https://www.facebook.com/astrid.krag/'
23:08:22: PostURL https://www.facebook.com/astrid.krag/posts/1280937402089164
23:08:22: Post Date b'12/22/19, 8:06 PM'
23:08:22: Post Content: b'S\xc3\xa5 kom juletr\xc3\xa6et i hus, k\xc3\xb8bt hos Hjeml\xc3\xb8se Juletr\xc3\xa6er. Og jeg k\xc3\xb8bte ogs\xc3\xa5 en julegave til mig selv: et smukt linoleums-tryk som en af de dygtige gr\xc3\xb8nlandske brugere p\xc3\xa5 Aktivitetscentret Sundholm har lavet \xe2\x9d\xa4\xef\xb8\x8f'
23:08:23: Scraping Every Record - b'https://www.facebook.com/Marie.Bjerre.i.FT/'
23:08:30: PostURL https://www.facebook.com/Marie.Bjerre.i.FT/posts/1066318037050364
23:08:30: Post Date b'12/20/19, 6:04 PM'
23:08:30: Post Content: b'Regeringen og den \xc3\xb8vrige venstrefl\xc3\xb8j har netop besluttet at tredoble afgiften p\xc3\xa5 b\xc3\xa6reposer og engangsservice \xf0\x9f\xa4\xaf'
23:08:30: Scraping Every Record - b'https://www.facebook.com/MarcusKnuthMF/'
23:10:36: PostURL https://www.facebook.com/MarcusKnuthMF/posts/848945095489032
23:10:36: Post Date b'6/1/19, 6:03 PM'
23:10:36: Post Content: b'Vil du h\xc3\xb8re om de sjoveste og st\xc3\xb8rste \xc3\xb8jeblikke fra valgkampen 2019? S\xc3\xa5 kom til f\xc3\xa6llesspisning med Ren\xc3\xa9 Christensen (DF), Stine Pilt Olsen (C) og mig p\xc3\xa5 Hotel Saxkj\xc3\xb8bing p\xc3\xa5 mandag kl. 19.00 \xf0\x9f\x98\x8a'
23:10:37: Scraping Every Record - b'https://www.facebook.com/fatmaoktemv/'
23:10:45: PostURL https://www.facebook.com/fatmaoktemv/posts/2510899645864963
23:10:45: Post Date b'12/20/19, 5:21 PM'
23:10:46: Post Content: b'S\xc3\xa5 har vi stemt for sidste gang i \xc3\xa5r. Jeg s\xc3\xa5 gerne, at danskerne slap for vedtagelser som en tredobling af afgiften p\xc3\xa5 emballage, plasticposer og engangsservice. En afgift, de gr\xc3\xb8nne organisationer frar\xc3\xa5der. Afgiften er hverken gr\xc3\xb8n eller sund \xe2\x80\x93 udelukkende flad og r\xc3\xb8d. Imod min og Venstres vilje vedtog et flertal ogs\xc3\xa5 at sende skattestigninger i retning af erhvervslivet. Til trods for uenighed var der stadig en fantastisk stemning i salen \xe2\x80\x93 julefreden n\xc3\xa6rmer sig.'
23:10:46: Scraping Every Record - b'https://www.facebook.com/mortenbodskov/'
23:11:00: PostURL https://www.facebook.com/mortenbodskov/posts/2479784868764284
23:11:00: Post Date b'9/23/19, 3:50 PM'
23:11:00: Post Content: b'What a happy day! \xf0\x9f\x92\xaa\xf0\x9f\x87\xa9\xf0\x9f\x87\xb0'
23:11:00: Scraping Every Record - b'https://www.facebook.com/mettegjerskov/'
23:11:07: PostURL https://www.facebook.com/mettegjerskov/posts/1019774495047583
23:11:07: Post Date b'12/26/19, 1:41 PM'
23:11:07: Post Content: b'Kom nu venner og f\xc3\xb8lgere. Jeg bringer gode nyheder. Ja ligefrem verdens bedste nyhed om halvering af verdens ekstreme fattigdom. Og I giver s\xc3\xb8lle 21 likes?'
23:11:07: Scraping Every Record - b'https://www.facebook.com/SAMIRA.NAWA'
23:11:46: PostURL https://www.facebook.com/SAMIRA.NAWA/posts/3061576667192489
23:11:46: Post Date b'9/27/19, 4:28 PM'
23:11:46: Post Content: b'Sammen med en masse b\xc3\xb8rn, unge og voksne brugte jeg i dag frokostpausen p\xc3\xa5 at demonstrere for klimaet \xf0\x9f\x92\x9a'
23:11:46: Scraping Every Record - b'https://www.facebook.com/christian.rabjerg'
23:11:54: PostURL https://www.facebook.com/christian.rabjerg/posts/2464984990422708
23:11:54: Post Date b'12/19/19, 1:56 PM'
23:11:54: Post Content: b'Finansloven er en realitet. Et stort l\xc3\xb8ft af den n\xc3\xa6re velf\xc3\xa6rd og et ordentlig boost af den gr\xc3\xb8nne omstilling.\nJulehum\xc3\xb8ret er h\xc3\xb8jt, og ferien n\xc3\xa6rmer sig. Yes!'
23:11:55: Scraping Every Record - b'https://www.facebook.com/aajachemnitzlarsen'
23:12:21: No more posts
23:12:21: Scraping Every Record - b'https://www.facebook.com/eva.flyvholm.enhedslisten'
23:12:32: PostURL https://www.facebook.com/eva.flyvholm.enhedslisten/posts/1527998704005443
23:12:32: Post Date b'12/7/19, 1:58 AM'
23:12:32: Post Content: b'Ny klimalov \xf0\x9f\x92\x9a'
23:12:32: Scraping Every Record - b'https://www.facebook.com/KirstenNormannAndersen'
23:12:50: No more posts
23:12:50: Scraping Every Record - b'https://www.facebook.com/lilleholt/'
23:13:01: PostURL https://www.facebook.com/lilleholt/posts/2171142833189651
23:13:01: Post Date b'11/12/19, 2:45 PM'
23:13:01: Post Content: b'Hvis vi skal n\xc3\xa5 m\xc3\xa5let om 70 procent reduktion i 2030, er det vigtigt, vi afs\xc3\xa6tter midlerne. Derfor vil Venstre bruge en halv milliard ekstra p\xc3\xa5 gr\xc3\xb8nne initiativer, end hvad regeringen l\xc3\xa6gger op til i deres finanslovsforslag.'
23:13:02: Scraping Every Record - b'https://www.facebook.com/AnnePaulin2/'
23:13:13: PostURL https://www.facebook.com/AnnePaulin2/posts/2488579828084513
23:13:13: Post Date b'12/19/19, 3:27 PM'
23:13:13: Post Content: b'Vigtige sider til det n\xc3\xa6ste kapitel i den gr\xc3\xb8nne omstilling bliver skrevet hos Greenlab i Skive, der nu f\xc3\xa5r 80 millioner statslige kroner til deres projekt med energilagring \xf0\x9f\x92\xaa'
23:13:13: Scraping Every Record - b'https://www.facebook.com/naserkhaderdk'
23:13:17: Not Posts page
23:13:55: PostURL https://www.facebook.com/klaus.bang.90/posts/10219116356767183?__xts__%5B0%5D=68.ARBO50QfEr0F6frGU2FMYK6hWQKOcJeaLaEmByOzXy95LulVwfemZlxKbDxOm4WkG064CyqoA4XdDxL4lKDbY-ZCoYegnSfrxz1s6OtrdLo400VXOR83Sv6hisiPgFpli6VigDIZWNuNCnLNz7-HnH-5oVzj5zQ3SNbP2w7vF3A4oIewueQ7BOgpVQZD4hseqqsJRg1ll3yq5vRz1a9doZrSJmXWD7aGxoAimiyPxjVyEOY_wf9I8V-Z8BQUKs8eBOTo4yQGoBmqdo83RRRYibH6bw&__tn__=-R
23:13:55: Post Date b'9/28/19, 1:34 PM'
23:13:55: Post Content: b'Formand S\xc3\xb8ren Pape Poulsen m\xc3\xb8dt med massive klapsalver.\nFormanden igang med sin tale, flot og inspirerende - som altid.\nTo flotte valg er overst\xc3\xa5et, med en fordoblet folketingsgruppe, og bibeholdes af vores mandat i EU.\nDet er sk\xc3\xb8nt at v\xc3\xa6re konservativ - gr\xc3\xb8n lykke\xf0\x9f\x92\x9a\xf0\x9f\x92\x9a'
23:13:56: Scraping Every Record - b'https://www.facebook.com/Karina-Adsb%C3%B8l-1546433252297862/'
23:15:57: PostURL https://www.facebook.com/Karina-Adsb%C3%B8l-1546433252297862/posts/2280068718934308
23:15:57: Post Date b'3/16/19, 1:14 AM'
23:15:57: Post Content: b'Klima kampen handler blandt andet om, at bruge sin sunde fornuft - Den var der s\xc3\xa5 nogle der manglede i dag https://ekstrabladet.dk/\xe2\x80\xa6/haervaerk-unge-klima-fork\xe2\x80\xa6/7556066'
23:15:58: Scraping Every Record - b'https://www.facebook.com/NewBlack'
23:16:02: Not Posts page
23:16:15: no more posts
23:16:15: Scraping Every Record - b'https://www.facebook.com/mfjacobjensen/'
23:16:28: PostURL https://www.facebook.com/mfjacobjensen/posts/1169160683280298
23:16:28: Post Date b'11/15/19, 10:46 PM'
23:16:28: Post Content: b'Jeg har i dag bes\xc3\xb8gt lokalt gr\xc3\xb8fte-laug ved Saltb\xc3\xa6kvig ved Kalundborg. Der er store udfordringer over hele landet med at \xc3\xa5l\xc3\xb8b, kanaler og gr\xc3\xb8fter kan aftage de stadig st\xc3\xb8rre m\xc3\xa6ngder vand. I byerne laver man klimatilpasninger med st\xc3\xb8rre kloarkr\xc3\xb8r mv. for at \xc3\xb8ge vandafledningskapaciteten. Det bliver vi ogs\xc3\xa5 n\xc3\xb8dt til p\xc3\xa5 landet, der modtager meget af vandet fra byerne. Det vil hindre oversv\xc3\xb8mmelser af marker, k\xc3\xa6ldre, haver osv.'
23:16:29: Scraping Every Record - b'https://www.facebook.com/peterseierchristensen/'
23:16:38: PostURL https://www.facebook.com/peterseierchristensen/posts/2555217194592065
23:16:38: Post Date b'12/26/19, 1:10 PM'
23:16:38: Post Content: b'Hvis nogen skulle v\xc3\xa6re i tvivl om Venstres politik, s\xc3\xa5 forklarer Jakob Ellemann her, at der ikke bliver tale om at s\xc3\xa6nke skatten. Pengene skal istedet bruges bla. p\xc3\xa5 klimaet. Hvis du tror, at klimam\xc3\xa5ls\xc3\xa6tningen ikke kommer til at koste, kan du godt tro om igen. Bj\xc3\xb8rn Lomborg ansl\xc3\xa5r prisen til omkring 840.000.000.000 kr for at s\xc3\xa6nke temperaturen med 0,0001 grader C.'
23:16:38: Scraping Every Record - b'https://www.facebook.com/politiken/'
23:16:51: PostURL https://www.facebook.com/politiken/posts/10159115339548294
23:16:51: Post Date b'12/26/19, 9:00 AM'
23:16:51: Post Content: b''
23:16:51: Scraping Every Record - b'https://www.facebook.com/AstridCaroe/'
23:16:59: PostURL https://www.facebook.com/AstridCaroe/posts/498798820723459
23:16:59: Post Date b'12/3/19, 12:43 AM'
23:16:59: Post Content: b'S\xc3\xa5dan \xf0\x9f\x92\xaa\xf0\x9f\x92\xaa Vi har f\xc3\xa5et minimumsnormeringer p\xc3\xa5 finansloven!'
23:16:59: Scraping Every Record - b'https://www.facebook.com/sftrine/'
23:17:12: PostURL https://www.facebook.com/sftrine/posts/2519333874830519
23:17:12: Post Date b'12/7/19, 1:20 AM'
23:17:12: Post Content: b'KLIMATOSSERNES AFTEN \xf0\x9f\x92\x9a\nVi har nu f\xc3\xa5et den mest ambiti\xc3\xb8se klimalov.'
23:17:12: Scraping Every Record - b'https://www.facebook.com/henning.hyllested'
23:17:25: PostURL https://www.facebook.com/henning.hyllested/posts/840858282984239
23:17:25: Post Date b'12/7/19, 2:32 AM'
23:17:25: Post Content: b''
23:17:26: Scraping Every Record - b'https://www.facebook.com/Mai-Villadsen-285722315449568/'
23:17:34: PostURL https://www.facebook.com/Mai-Villadsen-285722315449568/posts/445651966123268
23:17:34: Post Date b'12/13/19, 1:22 AM'
23:17:34: Post Content: b'Vi skal passe p\xc3\xa5 Amazonas!'
23:17:34: Scraping Every Record - b'https://www.facebook.com/michaelaastrup/'
23:17:42: PostURL https://www.facebook.com/michaelaastrup/posts/2341356999303077
23:17:42: Post Date b'12/2/19, 6:57 PM'
23:17:42: Post Content: b'Var i dag v\xc3\xa6rt ved h\xc3\xb8ring sammen med min gamle chef, Anders Fogh Rasmussen og hans Alliance for Democracies organisation, hvor vi satte fokus p\xc3\xa5, hvordan vi f\xc3\xa5r bek\xc3\xa6mpet misinformation kampagnerne og indblandingen i valg fra bl.a. Rusland og Kina.'
23:17:42: Scraping Every Record - b'https://www.facebook.com/jakob.solvhoj'
23:17:46: Not Posts page
23:17:50: PostURL https://www.facebook.com/jakob.solvhoj/posts/2564203546960996
23:17:50: Post Date b'12/3/19, 1:38 AM'
23:17:50: Post Content: b'S\xc3\xa5 er der en finanslovsaftale p\xc3\xa5 plads. Der bliver mange flere penge til Danmarks Gr\xc3\xb8nne Investeringsfond. Der bliver flere sengepladser, en styrket akutindsats og mere personale i psykiatrien. Der kommer mange flere voksne i daginstitutionerne. Folkeskolen f\xc3\xa5r et \xc3\xb8konomisk l\xc3\xb8ft, der kan bidrage til at bane vej for en \xe2\x80\x9dNy Start\xe2\x80\x9d i folkeskolen, og det lykkedes ogs\xc3\xa5 at f\xc3\xa5 afsat ekstra midler til handicapomr\xc3\xa5det. Det er en finanslov, der kan m\xc3\xa6rkes p\xc3\xa5 velf\xc3\xa6rden og m\xc3\xa5les p\xc3\xa5 klimaregnskabet!'
23:17:50: Scraping Every Record - b'https://www.facebook.com/people/Pernille-Vermund/740127218'
23:17:55: Not Posts page
23:18:16: PostURL https://www.facebook.com/permalink.php?story_fbid=10156887946442219&id=740127218
23:18:16: Post Date b'11/17/19, 4:31 PM'
23:18:16: Post Content: b'Bj\xc3\xb8rn Lomborg forklarer her, hvorfor klimaloven i bedste fald er ren populisme, og i v\xc3\xa6rste fald vil g\xc3\xb8re stor skade p\xc3\xa5 vores samfund.'
23:18:17: Scraping Every Record - b'https://www.facebook.com/mette.thiesen/?tn-str=k*F'
23:18:20: Not Posts page
23:18:20: No Posts
23:18:20: Scraping Every Record - b'https://www.facebook.com/annesophie.radikale/'
23:18:36: PostURL https://www.facebook.com/annesophie.radikale/posts/971439393255328
23:18:36: Post Date b'12/3/19, 8:10 PM'
23:18:36: Post Content: b'3. DECEMBER \xe2\x80\x93 VERDENS FATTIGSTE F\xc3\x85R 150 MILLIONER EKSTRA I KLIMABISTAND OG SLIPPER FOR AT BETALE CO2-REGNINGEN'
