00:21:40: log started
00:21:42: Parsed Pages Tab
00:21:43: Parsed Filter Tab
00:21:49: Scraping Every Record - b'https://www.facebook.com/runelund.dk/'
00:22:02: Scraping Every Record - b'https://www.facebook.com/mogensjensen/'
00:22:26: PostURL https://www.facebook.com/mogensjensen/posts/3088240854522569
00:22:26: Post Date b'12/18/19, 12:14 PM'
00:22:26: Post Content: b'Kl. 6 imorges landede vi en EU-fiskeriaftale hvor Danmark som det f\xc3\xb8rste land i Europa indf\xc3\xb8rer elektronisk monitorering af fiskeriet i stor skala.\nElektronisk monitorering er den rigtige vej hen imod en mere moderne, mere gr\xc3\xb8n og mere b\xc3\xa6redygtig fiskeriforvaltning. Og det giver mulighed for at vi ikke, som ellers foresl\xc3\xa5et, skal standse det vigtige fiskeri af jomfruhummer i Kattegat, hvor torsk er bifangst, da vi her f\xc3\xa5r en bifangstkvote p\xc3\xa5 80 tons til Danmark.\nVi rammer s\xc3\xa5ledes en fornuftig balance mellem fiskeriet og arbejdet for at genoprette torskebestanden...'
00:22:26: Scraping Every Record - b'https://www.facebook.com/sorenespersen/'
00:22:46: PostURL https://www.facebook.com/sorenespersen/posts/2420184264866014
00:22:46: Post Date b'11/15/19, 9:38 PM'
00:22:46: Post Content is missing
00:22:46: Scraping Every Record - b'https://www.facebook.com/heunicke/'
00:23:04: PostURL https://www.facebook.com/heunicke/posts/2606124316161700
00:23:04: Post Date b'12/3/19, 12:43 AM'
00:23:04: Post Content: b'Godt arbejde af vores finansminister og alle de deltagende partier \xf0\x9f\x92\xaa'
00:23:04: Scraping Every Record - b'https://www.facebook.com/SimonEmil/'
00:23:16: PostURL https://www.facebook.com/SimonEmil/posts/2467520173495910
00:23:16: Post Date b'12/4/19, 11:05 AM'
00:23:16: Post Content: b'Vil du hj\xc3\xa6lpe partiet Fremad?'
00:23:16: Scraping Every Record - b'https://www.facebook.com/kplorentzen/'
00:23:29: PostURL https://www.facebook.com/kplorentzen/posts/2369298119985336
00:23:29: Post Date b'10/1/19, 12:28 PM'
00:23:29: Post Content: b'Dagen startede ud med debat om el-l\xc3\xb8behjul og gr\xc3\xb8n transport p\xc3\xa5 radio P4 Midt Vest. Min gode kollega Andreas Steenbeerg(RV) og jeg blev sat i st\xc3\xa6vne til en tur p\xc3\xa5 el-l\xc3\xb8behjul og en snak om gr\xc3\xb8n transport.'
00:23:29: Scraping Every Record - b'https://www.facebook.com/TroelsLundPoulsen/'
00:23:42: PostURL https://www.facebook.com/TroelsLundPoulsen/posts/2624750104248005
00:23:42: Post Date b'9/17/19, 7:52 PM'
00:23:42: Post Content: b'Jeg har aldrig v\xc3\xa6ret for fin til at komme med p\xc3\xa5 et afbud - heller ikke n\xc3\xa5r det g\xc3\xa6lder om at repr\xc3\xa6sentere Venstre p\xc3\xa5 DIs topm\xc3\xb8de i dag.'
00:23:42: Scraping Every Record - b'https://www.facebook.com/ekstrabladet/'
00:24:40: Scraping Every Record - b'https://www.facebook.com/LeifLahn'
00:24:42: Scraping Every Record - b'https://www.facebook.com/liselott.blixt'
