00:24:55: log started
00:24:57: Parsed Pages Tab
00:24:58: Parsed Filter Tab
00:25:03: Scraping Every Record - b'https://www.facebook.com/runelund.dk/'
00:25:16: Scraping Every Record - b'https://www.facebook.com/mogensjensen/'
00:25:35: Scraping Every Record - b'https://www.facebook.com/sorenespersen/'
00:25:35: Scraping Every Record - b'https://www.facebook.com/heunicke/'
00:25:35: Scraping Every Record - b'https://www.facebook.com/SimonEmil/'
00:25:35: Scraping Every Record - b'https://www.facebook.com/kplorentzen/'
00:25:35: Scraping Every Record - b'https://www.facebook.com/TroelsLundPoulsen/'
00:25:35: Scraping Every Record - b'https://www.facebook.com/ekstrabladet/'
00:25:35: Scraping Every Record - b'https://www.facebook.com/LeifLahn'
00:25:35: Scraping Every Record - b'https://www.facebook.com/liselott.blixt'
00:25:35: Scraping Every Record - b'https://www.facebook.com/mads.fuglede/'
00:25:35: Scraping Every Record - b'https://www.facebook.com/jensjoel/'
00:25:35: Scraping Every Record - b'https://www.facebook.com/HenrikDahlLA/'
00:25:35: Scraping Every Record - b'https://www.facebook.com/CharlotteBromanMoelbaek/'
00:25:35: Scraping Every Record - b'https://www.facebook.com/jenshenrik.thulesendahl'
00:25:35: Scraping Every Record - b'https://www.facebook.com/StinusLindgreenRV/'
00:25:35: Scraping Every Record - b'http://www.facebook.com/rasmus.nordqvist'
00:25:35: Scraping Every Record - b'https://www.facebook.com/S%C3%B8ren-Egge-Rasmussen-947582238609972'
00:25:35: Scraping Every Record - b'https://www.facebook.com/SophieLoehde/'
00:25:35: Scraping Every Record - b'https://www.facebook.com/jelved'
00:25:35: Scraping Every Record - b'https://www.facebook.com/KatarinaAmmitzboll/'
00:25:35: Scraping Every Record - b'https://www.facebook.com/torsten.gejl'
00:25:35: Scraping Every Record - b'https://www.facebook.com/julieskovsby'
00:25:35: Scraping Every Record - b'https://www.facebook.com/TrineBramsen/'
00:25:35: Scraping Every Record - b'https://www.facebook.com/lea.wermelin'
00:25:35: Scraping Every Record - b'https://www.facebook.com/stembrittbager/'
00:25:35: Scraping Every Record - b'https://www.facebook.com/ClausHjortFrederiksen/'
00:25:35: Scraping Every Record - b'https://www.facebook.com/jan.e.joergensen/'
00:25:35: Scraping Every Record - b'https://www.facebook.com/rasmus.prehn/'
00:25:35: Scraping Every Record - b'https://www.facebook.com/HalimeSF/'
00:25:35: Scraping Every Record - b'https://www.facebook.com/DennisFlydtkjaer'
00:25:35: Scraping Every Record - b'https://www.facebook.com/kronborg.esbjerg/'
00:25:35: Scraping Every Record - b'https://www.facebook.com/danskerhverv/'
00:25:35: Scraping Every Record - b'https://www.facebook.com/MFJesper/'
00:25:35: Scraping Every Record - b'https://www.facebook.com/jeppe.bruus'
00:25:35: Scraping Every Record - b'https://www.facebook.com/Ckissmeyer/'
00:25:35: Scraping Every Record - b'https://www.facebook.com/olebirkolesen'
00:25:35: Scraping Every Record - b'https://www.facebook.com/SorenPapePoulsen/'
00:25:35: Scraping Every Record - b'https://www.facebook.com/evakjerhansen/'
00:25:35: Scraping Every Record - b'https://www.facebook.com/anni.matthiesen.3'
00:25:35: Scraping Every Record - b'https://www.facebook.com/berlingske/'
00:25:35: Scraping Every Record - b'https://www.facebook.com/Kaspersandkjaer'
00:25:35: Scraping Every Record - b'https://www.facebook.com/folketingskandidata'
00:25:35: Scraping Every Record - b'https://www.facebook.com/1Knuth/'
00:25:35: Scraping Every Record - b'https://www.facebook.com/sjurdur.skaale'
00:25:35: Scraping Every Record - b'https://www.facebook.com/stemjacobmark/'
00:25:35: Scraping Every Record - b'https://www.facebook.com/phummelgaard/'
00:25:35: Scraping Every Record - b'https://www.facebook.com/kaaredybvad/'
00:25:35: Scraping Every Record - b'https://www.facebook.com/stembrandenborg/'
00:25:35: Scraping Every Record - b'https://www.facebook.com/ditbt/'
00:25:35: Scraping Every Record - b'https://www.facebook.com/stem.anne.valentina/'
00:25:35: Scraping Every Record - b'https://www.facebook.com/hans.skibby/'
00:25:35: Scraping Every Record - b'https://www.facebook.com/KHegaard'
00:25:35: Scraping Every Record - b'https://www.facebook.com/BentBoegsted'
00:25:35: Scraping Every Record - b'https://www.facebook.com/oestergaard/'
00:25:35: Scraping Every Record - b'https://www.facebook.com/kristianjensen.venstre/'
00:25:35: Scraping Every Record - b'https://www.facebook.com/UffeElbaek/'
00:25:35: Scraping Every Record - b'https://www.facebook.com/LarsAslanRasmussen/'
00:25:35: Scraping Every Record - b'https://www.facebook.com/kim.valentin.7'
00:25:35: Scraping Every Record - b'https://www.facebook.com/ida.auken/'
00:25:35: Scraping Every Record - b'https://www.facebook.com/abildgaard.mette/'
00:25:35: Scraping Every Record - b'https://www.facebook.com/RosaLund.dk/'
00:25:35: Scraping Every Record - b'https://www.facebook.com/stemhalsboe'
00:25:35: Scraping Every Record - b'https://www.facebook.com/mortendahlin'
00:25:35: Scraping Every Record - b'https://www.facebook.com/Troels.Ravn.A'
00:25:35: Scraping Every Record - b'https://www.facebook.com/BirgitteBergmanPolitiker/'
00:25:35: Scraping Every Record - b'https://www.facebook.com/MetteHjermindDencker'
00:25:35: Scraping Every Record - b'https://www.facebook.com/sofiecarstennielsen/'
00:25:35: Scraping Every Record - b'https://www.facebook.com/stemperlarsen/'
00:25:35: Scraping Every Record - b'https://www.facebook.com/SorenSondergaard.dk/'
00:25:35: Scraping Every Record - b'https://www.facebook.com/ullatoernaes/'
00:25:35: Scraping Every Record - b'https://www.facebook.com/AlexLiberalAlliance/'
00:25:35: Scraping Every Record - b'https://www.facebook.com/b.laustsen'
00:25:35: Scraping Every Record - b'https://www.facebook.com/mettefrederiksen.dk/'
00:25:35: Scraping Every Record - b'https://www.facebook.com/janjohansensocialdemokrat'
00:25:35: Scraping Every Record - b'https://www.facebook.com/klimaministeriet/'
00:25:35: Scraping Every Record - b'https://www.facebook.com/LandbrugFoedevarer/'
00:25:35: Scraping Every Record - b'https://www.facebook.com/CamFabricius/'
00:25:35: Scraping Every Record - b'https://www.facebook.com/ida.auken/'
00:25:35: Scraping Every Record - b'https://www.facebook.com/Chr.Juhl1'
00:25:35: Scraping Every Record - b'https://www.facebook.com/BertelHaarder/'
00:25:35: Scraping Every Record - b'https://www.facebook.com/akimatilda'
00:25:35: Scraping Every Record - b'https://www.facebook.com/BrigitteKlintskovJerkel/'
00:25:35: Scraping Every Record - b'https://www.facebook.com/henrikdamkristensen'
00:25:35: Scraping Every Record - b'https://www.facebook.com/dagbladetinformation/'
00:25:35: Scraping Every Record - b'https://www.facebook.com/ThDanielsen/'
00:25:35: Scraping Every Record - b'https://www.facebook.com/hansandersen.venstre/'
00:25:35: Scraping Every Record - b'https://www.facebook.com/jakobellemann/'
00:25:35: Scraping Every Record - b'https://www.facebook.com/andreasraaby.steenberg'
00:25:35: Scraping Every Record - b'https://www.facebook.com/maimercado.dk/'
00:25:35: Scraping Every Record - b'https://www.facebook.com/signe.munk.5'
00:25:35: Scraping Every Record - b'https://www.facebook.com/louise.elholm/'
00:25:35: Scraping Every Record - b'https://www.facebook.com/rasmusstoklund/'
00:25:35: Scraping Every Record - b'https://www.facebook.com/annehonoreoestergaard'
00:25:35: Scraping Every Record - b'https://www.facebook.com/karinalorentzendehnhardt/'
00:25:35: Scraping Every Record - b'https://www.facebook.com/heidibank.dk/'
00:25:35: Scraping Every Record - b'https://www.facebook.com/ElleniFolketinget/'
00:25:35: Scraping Every Record - b'https://www.facebook.com/stemtesfaye/'
00:25:35: Scraping Every Record - b'https://www.facebook.com/flemmingmoellermortensen'
00:25:35: Scraping Every Record - b'https://www.facebook.com/christofferaagaardmelson/'
00:25:35: Scraping Every Record - b'https://www.facebook.com/sikandar.alternativet'
00:25:35: Scraping Every Record - b'https://www.facebook.com/thomasjensensilkeborg'
00:25:35: Scraping Every Record - b'https://www.facebook.com/IngerStojberg/'
00:25:35: Scraping Every Record - b'https://www.facebook.com/stemlauritzen/'
00:25:35: Scraping Every Record - b'https://www.facebook.com/tschackpedersen/'
00:25:35: Scraping Every Record - b'https://www.facebook.com/LBMathiesen/'
00:25:35: Scraping Every Record - b'https://www.facebook.com/jensrohdedk/'
00:25:35: Scraping Every Record - b'https://www.facebook.com/danskindustri/'
00:25:35: Scraping Every Record - b'https://www.facebook.com/larsloekke'
00:25:35: Scraping Every Record - b'https://www.facebook.com/Marlene-Ambo-Rasmussen-759821337497406/'
00:25:35: Scraping Every Record - b'https://www.facebook.com/zeniastampe/'
00:25:35: Scraping Every Record - b'https://www.facebook.com/martin.geertsen'
00:25:35: Scraping Every Record - b'https://www.facebook.com/rasmus.helveg.petersen'
00:25:35: Scraping Every Record - b'https://www.facebook.com/Lise.Bech.DF'
00:25:35: Scraping Every Record - b'https://www.facebook.com/peter.juel.jensen'
00:25:35: Scraping Every Record - b'https://www.facebook.com/janeheitmannV/'
00:25:35: Scraping Every Record - b'https://www.facebook.com/christiansborg'
00:25:35: Scraping Every Record - b'https://www.facebook.com/rasmusjarlov'
00:25:35: Scraping Every Record - b'https://www.facebook.com/borsen.dk/'
00:25:35: Scraping Every Record - b'https://www.facebook.com/lotterod/'
00:25:35: Scraping Every Record - b'https://www.facebook.com/PrebenBangHenriksen/'
00:25:35: Scraping Every Record - b'https://www.facebook.com/nicolaiwammen/'
00:25:35: Scraping Every Record - b'https://www.facebook.com/OrlaOsterbyIFolketinget'
00:25:35: Scraping Every Record - b'https://www.facebook.com/rasmuslanghoff.dk'
00:25:35: Scraping Every Record - b'https://www.facebook.com/karen.ellemann/'
00:25:35: Scraping Every Record - b'https://www.facebook.com/Annette-Lind-879906758810052'
00:25:35: Scraping Every Record - b'https://www.facebook.com/CarlValentinSF/'
00:25:35: Scraping Every Record - b'https://www.facebook.com/birgitte.vind.1/'
00:25:35: Scraping Every Record - b'https://www.facebook.com/simonkollerup'
00:25:35: Scraping Every Record - b'https://www.facebook.com/socialdemokratietihelsingor.dk/'
00:25:35: Scraping Every Record - b'https://www.facebook.com/danjorgensen/'
00:25:35: Scraping Every Record - b'https://www.facebook.com/karstenhoenge'
00:25:35: Scraping Every Record - b'https://www.facebook.com/nickhaekkerup/'
00:25:35: Scraping Every Record - b'https://www.facebook.com/BennyEngelbrecht/'
00:25:35: Scraping Every Record - b'https://www.facebook.com/MortenMesserschmidt/'
00:25:35: Scraping Every Record - b'https://www.facebook.com/niels.f.hansen.7'
00:25:35: Scraping Every Record - b'https://www.facebook.com/VictoriaRisbjergVelasquez/'
00:25:35: Scraping Every Record - b'https://www.facebook.com/pernillerosenkrantz/'
00:25:35: Scraping Every Record - b'https://www.facebook.com/skaarupdf/'
00:25:36: Scraping Every Record - b'https://www.facebook.com/JuulMona/'
00:25:36: Scraping Every Record - b'https://www.facebook.com/katrinerobsoe/'
00:25:36: Scraping Every Record - b'https://www.facebook.com/danieltoftjakobsen'
00:25:36: Scraping Every Record - b'https://www.facebook.com/martin.lidegaard/'
00:25:36: Scraping Every Record - b'https://www.facebook.com/nielsthdahl'
00:25:36: Scraping Every Record - b'https://www.facebook.com/susanne.zimmer.alternativet/'
00:25:36: Scraping Every Record - b'https://www.facebook.com/peder.hvelplund'
00:25:36: Scraping Every Record - b'https://www.facebook.com/erling.bonnesen/'
00:25:36: Scraping Every Record - b'https://www.facebook.com/ReneChristensenDF'
00:25:36: Scraping Every Record - b'https://www.facebook.com/pia.olsen.dyhr/'
00:25:36: Scraping Every Record - b'https://www.facebook.com/lisbethbechpoulsen/'
00:25:36: Scraping Every Record - b'https://www.facebook.com/pernille.skipper.5/'
00:25:36: Scraping Every Record - b'https://www.facebook.com/jyllandsposten/'
00:25:36: Scraping Every Record - b'https://www.facebook.com/StemMalteLarsen'
00:25:36: Scraping Every Record - b'https://www.facebook.com/astrid.krag/'
00:25:36: Scraping Every Record - b'https://www.facebook.com/Marie.Bjerre.i.FT/'
00:25:36: Scraping Every Record - b'https://www.facebook.com/MarcusKnuthMF/'
00:25:36: Scraping Every Record - b'https://www.facebook.com/fatmaoktemv/'
00:25:36: Scraping Every Record - b'https://www.facebook.com/mortenbodskov/'
00:25:36: Scraping Every Record - b'https://www.facebook.com/mettegjerskov/'
00:25:36: Scraping Every Record - b'https://www.facebook.com/SAMIRA.NAWA'
00:25:36: Scraping Every Record - b'https://www.facebook.com/christian.rabjerg'
00:25:36: Scraping Every Record - b'https://www.facebook.com/aajachemnitzlarsen'
00:25:36: Scraping Every Record - b'https://www.facebook.com/eva.flyvholm.enhedslisten'
00:25:36: Scraping Every Record - b'https://www.facebook.com/KirstenNormannAndersen'
00:25:36: Scraping Every Record - b'https://www.facebook.com/lilleholt/'
00:25:36: Scraping Every Record - b'https://www.facebook.com/AnnePaulin2/'
00:25:36: Scraping Every Record - b'https://www.facebook.com/naserkhaderdk'
00:25:36: Scraping Every Record - b'https://www.facebook.com/Karina-Adsb%C3%B8l-1546433252297862/'
00:25:36: Scraping Every Record - b'https://www.facebook.com/NewBlack'
00:25:36: Scraping Every Record - b'https://www.facebook.com/mfjacobjensen/'
00:25:36: Scraping Every Record - b'https://www.facebook.com/peterseierchristensen/'
00:25:36: Scraping Every Record - b'https://www.facebook.com/politiken/'
00:25:36: Scraping Every Record - b'https://www.facebook.com/AstridCaroe/'
00:25:36: Scraping Every Record - b'https://www.facebook.com/sftrine/'
00:25:36: Scraping Every Record - b'https://www.facebook.com/henning.hyllested'
00:25:36: Scraping Every Record - b'https://www.facebook.com/Mai-Villadsen-285722315449568/'
00:25:36: Scraping Every Record - b'https://www.facebook.com/michaelaastrup/'
00:25:36: Scraping Every Record - b'https://www.facebook.com/jakob.solvhoj'
00:25:36: Scraping Every Record - b'https://www.facebook.com/people/Pernille-Vermund/740127218'
00:25:36: Scraping Every Record - b'https://www.facebook.com/mette.thiesen/?tn-str=k*F'
00:25:36: Scraping Every Record - b'https://www.facebook.com/annesophie.radikale/'
